---------------------------------------------------------------
[ 2019-05-30T17:10:16+08:00 ] 192.168.1.144 GET 192.168.1.144:3333/
[运行时间：0.671586s] [吞吐率：1.49req/s] [内存消耗：2,542.26kb] [文件加载：53]
[ info ] [ LANG ] D:\WWW\osc\css\oscshop2\thinkphp\lang\zh-cn.php
[ info ] [ ROUTE ] array (
  'type' => 'module',
  'module' => 
  array (
    0 => '',
    1 => NULL,
    2 => NULL,
  ),
)
[ info ] [ HEADER ] array (
  'cookie' => 'PHPSESSID=viede0gbai0vn5th9e6s42o6d4',
  'accept-language' => 'zh-CN,zh;q=0.9',
  'accept-encoding' => 'gzip, deflate',
  'accept' => 'text/html,application/xhtml+xml,application/xml;q=0.9,image/webp,image/apng,*/*;q=0.8,application/signed-exchange;v=b3',
  'user-agent' => 'Mozilla/5.0 (Windows NT 6.1; Win64; x64) AppleWebKit/537.36 (KHTML, like Gecko) Chrome/74.0.3729.169 Safari/537.36',
  'upgrade-insecure-requests' => '1',
  'cache-control' => 'max-age=0',
  'connection' => 'close',
  'host' => '192.168.1.144:3333',
)
[ info ] [ PARAM ] array (
)
[ info ] [ CACHE ] INIT File
[ info ] [ DB ] INIT mysql
[ info ] [ RUN ] osc\index\controller\Index->index[ D:\WWW\osc\css\oscshop2\oscshop\index\controller\Index.php ]
[ info ] [ VIEW ] ./themes/shop/index/index\index.html [ array (
  0 => 'top_nav',
  1 => 'cartlist',
  2 => 'total_price',
  3 => 'brands',
  4 => 'empty',
  5 => 'list',
  6 => 'SEO',
) ]
[ info ] [ SESSION ] INIT array (
  'type' => '',
  'auto_start' => true,
)
[ info ] [ LOG ] INIT File
---------------------------------------------------------------
[ 2019-05-30T17:10:16+08:00 ] 192.168.1.144 GET 192.168.1.144:3333/images/osc1/Antipodes.jpg
[运行时间：0.022503s] [吞吐率：44.44req/s] [内存消耗：1,099.82kb] [文件加载：30]
[ info ] [ LANG ] D:\WWW\osc\css\oscshop2\thinkphp\lang\zh-cn.php
[ info ] [ ROUTE ] array (
  'type' => 'module',
  'module' => 
  array (
    0 => 'images',
    1 => 'osc1',
    2 => 'Antipodes',
  ),
)
[ info ] [ HEADER ] array (
  'cookie' => 'PHPSESSID=viede0gbai0vn5th9e6s42o6d4',
  'accept-language' => 'zh-CN,zh;q=0.9',
  'accept-encoding' => 'gzip, deflate',
  'referer' => 'http://192.168.1.144:3333/',
  'accept' => 'image/webp,image/apng,image/*,*/*;q=0.8',
  'user-agent' => 'Mozilla/5.0 (Windows NT 6.1; Win64; x64) AppleWebKit/537.36 (KHTML, like Gecko) Chrome/74.0.3729.169 Safari/537.36',
  'connection' => 'close',
  'host' => '192.168.1.144:3333',
)
[ info ] [ PARAM ] array (
  '/images/osc1/Antipodes_jpg' => '',
)
[ info ] [ LOG ] INIT File
---------------------------------------------------------------
[ 2019-05-30T17:10:17+08:00 ] 192.168.1.144 GET 192.168.1.144:3333/images/osc1/logo/ai.jpg
[运行时间：0.022502s] [吞吐率：44.44req/s] [内存消耗：1,099.78kb] [文件加载：30]
[ info ] [ LANG ] D:\WWW\osc\css\oscshop2\thinkphp\lang\zh-cn.php
[ info ] [ ROUTE ] array (
  'type' => 'module',
  'module' => 
  array (
    0 => 'images',
    1 => 'osc1',
    2 => 'logo',
  ),
)
[ info ] [ HEADER ] array (
  'cookie' => 'PHPSESSID=viede0gbai0vn5th9e6s42o6d4',
  'accept-language' => 'zh-CN,zh;q=0.9',
  'accept-encoding' => 'gzip, deflate',
  'referer' => 'http://192.168.1.144:3333/',
  'accept' => 'image/webp,image/apng,image/*,*/*;q=0.8',
  'user-agent' => 'Mozilla/5.0 (Windows NT 6.1; Win64; x64) AppleWebKit/537.36 (KHTML, like Gecko) Chrome/74.0.3729.169 Safari/537.36',
  'connection' => 'close',
  'host' => '192.168.1.144:3333',
)
[ info ] [ PARAM ] array (
  '/images/osc1/logo/ai_jpg' => '',
)
[ info ] [ LOG ] INIT File
---------------------------------------------------------------
[ 2019-05-30T17:10:17+08:00 ] 192.168.1.144 GET 192.168.1.144:3333/images/osc1/logo/aj.jpg
[运行时间：0.023503s] [吞吐率：42.55req/s] [内存消耗：1,099.84kb] [文件加载：30]
[ info ] [ LANG ] D:\WWW\osc\css\oscshop2\thinkphp\lang\zh-cn.php
[ info ] [ ROUTE ] array (
  'type' => 'module',
  'module' => 
  array (
    0 => 'images',
    1 => 'osc1',
    2 => 'logo',
  ),
)
[ info ] [ HEADER ] array (
  'cookie' => 'PHPSESSID=viede0gbai0vn5th9e6s42o6d4',
  'accept-language' => 'zh-CN,zh;q=0.9',
  'accept-encoding' => 'gzip, deflate',
  'referer' => 'http://192.168.1.144:3333/',
  'accept' => 'image/webp,image/apng,image/*,*/*;q=0.8',
  'user-agent' => 'Mozilla/5.0 (Windows NT 6.1; Win64; x64) AppleWebKit/537.36 (KHTML, like Gecko) Chrome/74.0.3729.169 Safari/537.36',
  'connection' => 'close',
  'host' => '192.168.1.144:3333',
)
[ info ] [ PARAM ] array (
  '/images/osc1/logo/aj_jpg' => '',
)
[ info ] [ LOG ] INIT File
---------------------------------------------------------------
[ 2019-05-30T17:10:17+08:00 ] 192.168.1.144 GET 192.168.1.144:3333/images/osc1/logo/11.jpg
[运行时间：0.026003s] [吞吐率：38.46req/s] [内存消耗：1,099.84kb] [文件加载：30]
[ info ] [ LANG ] D:\WWW\osc\css\oscshop2\thinkphp\lang\zh-cn.php
[ info ] [ ROUTE ] array (
  'type' => 'module',
  'module' => 
  array (
    0 => 'images',
    1 => 'osc1',
    2 => 'logo',
  ),
)
[ info ] [ HEADER ] array (
  'cookie' => 'PHPSESSID=viede0gbai0vn5th9e6s42o6d4',
  'accept-language' => 'zh-CN,zh;q=0.9',
  'accept-encoding' => 'gzip, deflate',
  'referer' => 'http://192.168.1.144:3333/',
  'accept' => 'image/webp,image/apng,image/*,*/*;q=0.8',
  'user-agent' => 'Mozilla/5.0 (Windows NT 6.1; Win64; x64) AppleWebKit/537.36 (KHTML, like Gecko) Chrome/74.0.3729.169 Safari/537.36',
  'connection' => 'close',
  'host' => '192.168.1.144:3333',
)
[ info ] [ PARAM ] array (
  '/images/osc1/logo/11_jpg' => '',
)
[ info ] [ LOG ] INIT File
---------------------------------------------------------------
[ 2019-05-30T17:50:42+08:00 ] 192.168.1.144 GET 192.168.1.144:3333/
[运行时间：0.143518s] [吞吐率：6.97req/s] [内存消耗：2,248.44kb] [文件加载：51]
[ info ] [ LANG ] D:\WWW\osc\css\oscshop2\thinkphp\lang\zh-cn.php
[ info ] [ ROUTE ] array (
  'type' => 'module',
  'module' => 
  array (
    0 => '',
    1 => NULL,
    2 => NULL,
  ),
)
[ info ] [ HEADER ] array (
  'accept-language' => 'zh-CN,zh;q=0.9',
  'accept-encoding' => 'gzip, deflate',
  'accept' => 'text/html,application/xhtml+xml,application/xml;q=0.9,image/webp,image/apng,*/*;q=0.8,application/signed-exchange;v=b3',
  'user-agent' => 'Mozilla/5.0 (Windows NT 6.1; Win64; x64) AppleWebKit/537.36 (KHTML, like Gecko) Chrome/74.0.3729.169 Safari/537.36',
  'upgrade-insecure-requests' => '1',
  'cache-control' => 'max-age=0',
  'connection' => 'close',
  'host' => '192.168.1.144:3333',
)
[ info ] [ PARAM ] array (
)
[ info ] [ CACHE ] INIT File
[ info ] [ DB ] INIT mysql
[ info ] [ RUN ] osc\index\controller\Index->index[ D:\WWW\osc\css\oscshop2\oscshop\index\controller\Index.php ]
[ info ] [ VIEW ] ./themes/shop/index/index\index.html [ array (
  0 => 'top_nav',
  1 => 'cartlist',
  2 => 'total_price',
  3 => 'brands',
  4 => 'empty',
  5 => 'list',
  6 => 'SEO',
) ]
[ info ] [ SESSION ] INIT array (
  'type' => '',
  'auto_start' => true,
)
[ info ] [ LOG ] INIT File
---------------------------------------------------------------
[ 2019-05-30T17:50:42+08:00 ] 192.168.1.144 GET 192.168.1.144:3333/images/osc1/Antipodes.jpg
[运行时间：0.023503s] [吞吐率：42.55req/s] [内存消耗：1,099.82kb] [文件加载：30]
[ info ] [ LANG ] D:\WWW\osc\css\oscshop2\thinkphp\lang\zh-cn.php
[ info ] [ ROUTE ] array (
  'type' => 'module',
  'module' => 
  array (
    0 => 'images',
    1 => 'osc1',
    2 => 'Antipodes',
  ),
)
[ info ] [ HEADER ] array (
  'cookie' => 'PHPSESSID=861nkr6f0uh4krasqpbl2ul0d0',
  'accept-language' => 'zh-CN,zh;q=0.9',
  'accept-encoding' => 'gzip, deflate',
  'referer' => 'http://192.168.1.144:3333/',
  'accept' => 'image/webp,image/apng,image/*,*/*;q=0.8',
  'user-agent' => 'Mozilla/5.0 (Windows NT 6.1; Win64; x64) AppleWebKit/537.36 (KHTML, like Gecko) Chrome/74.0.3729.169 Safari/537.36',
  'connection' => 'close',
  'host' => '192.168.1.144:3333',
)
[ info ] [ PARAM ] array (
  '/images/osc1/Antipodes_jpg' => '',
)
[ info ] [ LOG ] INIT File
---------------------------------------------------------------
[ 2019-05-30T17:50:43+08:00 ] 192.168.1.144 GET 192.168.1.144:3333/images/osc1/logo/ai.jpg
[运行时间：0.016502s] [吞吐率：60.60req/s] [内存消耗：1,099.78kb] [文件加载：30]
[ info ] [ LANG ] D:\WWW\osc\css\oscshop2\thinkphp\lang\zh-cn.php
[ info ] [ ROUTE ] array (
  'type' => 'module',
  'module' => 
  array (
    0 => 'images',
    1 => 'osc1',
    2 => 'logo',
  ),
)
[ info ] [ HEADER ] array (
  'cookie' => 'PHPSESSID=861nkr6f0uh4krasqpbl2ul0d0',
  'accept-language' => 'zh-CN,zh;q=0.9',
  'accept-encoding' => 'gzip, deflate',
  'referer' => 'http://192.168.1.144:3333/',
  'accept' => 'image/webp,image/apng,image/*,*/*;q=0.8',
  'user-agent' => 'Mozilla/5.0 (Windows NT 6.1; Win64; x64) AppleWebKit/537.36 (KHTML, like Gecko) Chrome/74.0.3729.169 Safari/537.36',
  'connection' => 'close',
  'host' => '192.168.1.144:3333',
)
[ info ] [ PARAM ] array (
  '/images/osc1/logo/ai_jpg' => '',
)
[ info ] [ LOG ] INIT File
---------------------------------------------------------------
[ 2019-05-30T17:50:43+08:00 ] 192.168.1.144 GET 192.168.1.144:3333/images/osc1/logo/aj.jpg
[运行时间：0.024003s] [吞吐率：41.66req/s] [内存消耗：1,099.84kb] [文件加载：30]
[ info ] [ LANG ] D:\WWW\osc\css\oscshop2\thinkphp\lang\zh-cn.php
[ info ] [ ROUTE ] array (
  'type' => 'module',
  'module' => 
  array (
    0 => 'images',
    1 => 'osc1',
    2 => 'logo',
  ),
)
[ info ] [ HEADER ] array (
  'cookie' => 'PHPSESSID=861nkr6f0uh4krasqpbl2ul0d0',
  'accept-language' => 'zh-CN,zh;q=0.9',
  'accept-encoding' => 'gzip, deflate',
  'referer' => 'http://192.168.1.144:3333/',
  'accept' => 'image/webp,image/apng,image/*,*/*;q=0.8',
  'user-agent' => 'Mozilla/5.0 (Windows NT 6.1; Win64; x64) AppleWebKit/537.36 (KHTML, like Gecko) Chrome/74.0.3729.169 Safari/537.36',
  'connection' => 'close',
  'host' => '192.168.1.144:3333',
)
[ info ] [ PARAM ] array (
  '/images/osc1/logo/aj_jpg' => '',
)
[ info ] [ LOG ] INIT File
---------------------------------------------------------------
[ 2019-05-30T17:50:43+08:00 ] 192.168.1.144 GET 192.168.1.144:3333/images/osc1/logo/11.jpg
[运行时间：0.025503s] [吞吐率：39.21req/s] [内存消耗：1,099.84kb] [文件加载：30]
[ info ] [ LANG ] D:\WWW\osc\css\oscshop2\thinkphp\lang\zh-cn.php
[ info ] [ ROUTE ] array (
  'type' => 'module',
  'module' => 
  array (
    0 => 'images',
    1 => 'osc1',
    2 => 'logo',
  ),
)
[ info ] [ HEADER ] array (
  'cookie' => 'PHPSESSID=861nkr6f0uh4krasqpbl2ul0d0',
  'accept-language' => 'zh-CN,zh;q=0.9',
  'accept-encoding' => 'gzip, deflate',
  'referer' => 'http://192.168.1.144:3333/',
  'accept' => 'image/webp,image/apng,image/*,*/*;q=0.8',
  'user-agent' => 'Mozilla/5.0 (Windows NT 6.1; Win64; x64) AppleWebKit/537.36 (KHTML, like Gecko) Chrome/74.0.3729.169 Safari/537.36',
  'connection' => 'close',
  'host' => '192.168.1.144:3333',
)
[ info ] [ PARAM ] array (
  '/images/osc1/logo/11_jpg' => '',
)
[ info ] [ LOG ] INIT File
---------------------------------------------------------------
[ 2019-05-30T18:26:04+08:00 ] 192.168.1.144 GET 192.168.1.144:3333/
[运行时间：0.119516s] [吞吐率：8.37req/s] [内存消耗：2,248.30kb] [文件加载：51]
[ info ] [ LANG ] D:\WWW\osc\css\oscshop2\thinkphp\lang\zh-cn.php
[ info ] [ ROUTE ] array (
  'type' => 'module',
  'module' => 
  array (
    0 => '',
    1 => NULL,
    2 => NULL,
  ),
)
[ info ] [ HEADER ] array (
  'accept-language' => 'zh-CN,zh;q=0.9',
  'accept-encoding' => 'gzip, deflate',
  'accept' => 'text/html,application/xhtml+xml,application/xml;q=0.9,image/webp,image/apng,*/*;q=0.8,application/signed-exchange;v=b3',
  'user-agent' => 'Mozilla/5.0 (Windows NT 6.1; Win64; x64) AppleWebKit/537.36 (KHTML, like Gecko) Chrome/74.0.3729.169 Safari/537.36',
  'upgrade-insecure-requests' => '1',
  'connection' => 'close',
  'host' => '192.168.1.144:3333',
)
[ info ] [ PARAM ] array (
)
[ info ] [ CACHE ] INIT File
[ info ] [ DB ] INIT mysql
[ info ] [ RUN ] osc\index\controller\Index->index[ D:\WWW\osc\css\oscshop2\oscshop\index\controller\Index.php ]
[ info ] [ VIEW ] ./themes/shop/index/index\index.html [ array (
  0 => 'top_nav',
  1 => 'cartlist',
  2 => 'total_price',
  3 => 'brands',
  4 => 'empty',
  5 => 'list',
  6 => 'SEO',
) ]
[ info ] [ SESSION ] INIT array (
  'type' => '',
  'auto_start' => true,
)
[ info ] [ LOG ] INIT File
---------------------------------------------------------------
[ 2019-05-30T18:26:04+08:00 ] 192.168.1.144 GET 192.168.1.144:3333/images/osc1/Antipodes.jpg
[运行时间：0.022003s] [吞吐率：45.45req/s] [内存消耗：1,099.82kb] [文件加载：30]
[ info ] [ LANG ] D:\WWW\osc\css\oscshop2\thinkphp\lang\zh-cn.php
[ info ] [ ROUTE ] array (
  'type' => 'module',
  'module' => 
  array (
    0 => 'images',
    1 => 'osc1',
    2 => 'Antipodes',
  ),
)
[ info ] [ HEADER ] array (
  'cookie' => 'PHPSESSID=n8q9hfc76t2q9r9d52rn8lhlc1',
  'accept-language' => 'zh-CN,zh;q=0.9',
  'accept-encoding' => 'gzip, deflate',
  'referer' => 'http://192.168.1.144:3333/',
  'accept' => 'image/webp,image/apng,image/*,*/*;q=0.8',
  'user-agent' => 'Mozilla/5.0 (Windows NT 6.1; Win64; x64) AppleWebKit/537.36 (KHTML, like Gecko) Chrome/74.0.3729.169 Safari/537.36',
  'connection' => 'close',
  'host' => '192.168.1.144:3333',
)
[ info ] [ PARAM ] array (
  '/images/osc1/Antipodes_jpg' => '',
)
[ info ] [ LOG ] INIT File
---------------------------------------------------------------
[ 2019-05-30T18:26:04+08:00 ] 192.168.1.144 GET 192.168.1.144:3333/images/osc1/logo/aj.jpg
[运行时间：0.020002s] [吞吐率：50.00req/s] [内存消耗：1,099.78kb] [文件加载：30]
[ info ] [ LANG ] D:\WWW\osc\css\oscshop2\thinkphp\lang\zh-cn.php
[ info ] [ ROUTE ] array (
  'type' => 'module',
  'module' => 
  array (
    0 => 'images',
    1 => 'osc1',
    2 => 'logo',
  ),
)
[ info ] [ HEADER ] array (
  'cookie' => 'PHPSESSID=n8q9hfc76t2q9r9d52rn8lhlc1',
  'accept-language' => 'zh-CN,zh;q=0.9',
  'accept-encoding' => 'gzip, deflate',
  'referer' => 'http://192.168.1.144:3333/',
  'accept' => 'image/webp,image/apng,image/*,*/*;q=0.8',
  'user-agent' => 'Mozilla/5.0 (Windows NT 6.1; Win64; x64) AppleWebKit/537.36 (KHTML, like Gecko) Chrome/74.0.3729.169 Safari/537.36',
  'connection' => 'close',
  'host' => '192.168.1.144:3333',
)
[ info ] [ PARAM ] array (
  '/images/osc1/logo/aj_jpg' => '',
)
[ info ] [ LOG ] INIT File
---------------------------------------------------------------
[ 2019-05-30T18:26:05+08:00 ] 192.168.1.144 GET 192.168.1.144:3333/images/osc1/logo/ai.jpg
[运行时间：0.014001s] [吞吐率：71.42req/s] [内存消耗：1,099.78kb] [文件加载：30]
[ info ] [ LANG ] D:\WWW\osc\css\oscshop2\thinkphp\lang\zh-cn.php
[ info ] [ ROUTE ] array (
  'type' => 'module',
  'module' => 
  array (
    0 => 'images',
    1 => 'osc1',
    2 => 'logo',
  ),
)
[ info ] [ HEADER ] array (
  'cookie' => 'PHPSESSID=n8q9hfc76t2q9r9d52rn8lhlc1',
  'accept-language' => 'zh-CN,zh;q=0.9',
  'accept-encoding' => 'gzip, deflate',
  'referer' => 'http://192.168.1.144:3333/',
  'accept' => 'image/webp,image/apng,image/*,*/*;q=0.8',
  'user-agent' => 'Mozilla/5.0 (Windows NT 6.1; Win64; x64) AppleWebKit/537.36 (KHTML, like Gecko) Chrome/74.0.3729.169 Safari/537.36',
  'connection' => 'close',
  'host' => '192.168.1.144:3333',
)
[ info ] [ PARAM ] array (
  '/images/osc1/logo/ai_jpg' => '',
)
[ info ] [ LOG ] INIT File
---------------------------------------------------------------
[ 2019-05-30T18:26:05+08:00 ] 192.168.1.144 GET 192.168.1.144:3333/images/osc1/logo/11.jpg
[运行时间：0.016002s] [吞吐率：62.49req/s] [内存消耗：1,099.84kb] [文件加载：30]
[ info ] [ LANG ] D:\WWW\osc\css\oscshop2\thinkphp\lang\zh-cn.php
[ info ] [ ROUTE ] array (
  'type' => 'module',
  'module' => 
  array (
    0 => 'images',
    1 => 'osc1',
    2 => 'logo',
  ),
)
[ info ] [ HEADER ] array (
  'cookie' => 'PHPSESSID=n8q9hfc76t2q9r9d52rn8lhlc1',
  'accept-language' => 'zh-CN,zh;q=0.9',
  'accept-encoding' => 'gzip, deflate',
  'referer' => 'http://192.168.1.144:3333/',
  'accept' => 'image/webp,image/apng,image/*,*/*;q=0.8',
  'user-agent' => 'Mozilla/5.0 (Windows NT 6.1; Win64; x64) AppleWebKit/537.36 (KHTML, like Gecko) Chrome/74.0.3729.169 Safari/537.36',
  'connection' => 'close',
  'host' => '192.168.1.144:3333',
)
[ info ] [ PARAM ] array (
  '/images/osc1/logo/11_jpg' => '',
)
[ info ] [ LOG ] INIT File
---------------------------------------------------------------
[ 2019-05-30T18:26:05+08:00 ] 192.168.1.144 GET 192.168.1.144:3333/favicon.ico
[运行时间：0.014501s] [吞吐率：68.96req/s] [内存消耗：1,099.63kb] [文件加载：30]
[ info ] [ LANG ] D:\WWW\osc\css\oscshop2\thinkphp\lang\zh-cn.php
[ info ] [ ROUTE ] array (
  'type' => 'module',
  'module' => 
  array (
    0 => 'favicon',
    1 => NULL,
    2 => NULL,
  ),
)
[ info ] [ HEADER ] array (
  'cookie' => 'PHPSESSID=n8q9hfc76t2q9r9d52rn8lhlc1',
  'accept-language' => 'zh-CN,zh;q=0.9',
  'accept-encoding' => 'gzip, deflate',
  'referer' => 'http://192.168.1.144:3333/',
  'accept' => 'image/webp,image/apng,image/*,*/*;q=0.8',
  'user-agent' => 'Mozilla/5.0 (Windows NT 6.1; Win64; x64) AppleWebKit/537.36 (KHTML, like Gecko) Chrome/74.0.3729.169 Safari/537.36',
  'connection' => 'close',
  'host' => '192.168.1.144:3333',
)
[ info ] [ PARAM ] array (
  '/favicon_ico' => '',
)
[ info ] [ LOG ] INIT File
---------------------------------------------------------------
[ 2019-05-30T18:26:08+08:00 ] 192.168.1.144 GET 192.168.1.144:3333/admin
[运行时间：0.108014s] [吞吐率：9.26req/s] [内存消耗：1,488.20kb] [文件加载：43]
[ info ] [ LANG ] D:\WWW\osc\css\oscshop2\thinkphp\lang\zh-cn.php
[ info ] [ ROUTE ] array (
  'type' => 'module',
  'module' => 
  array (
    0 => 'admin',
    1 => NULL,
    2 => NULL,
  ),
)
[ info ] [ HEADER ] array (
  'cookie' => 'PHPSESSID=n8q9hfc76t2q9r9d52rn8lhlc1',
  'accept-language' => 'zh-CN,zh;q=0.9',
  'accept-encoding' => 'gzip, deflate',
  'accept' => 'text/html,application/xhtml+xml,application/xml;q=0.9,image/webp,image/apng,*/*;q=0.8,application/signed-exchange;v=b3',
  'user-agent' => 'Mozilla/5.0 (Windows NT 6.1; Win64; x64) AppleWebKit/537.36 (KHTML, like Gecko) Chrome/74.0.3729.169 Safari/537.36',
  'upgrade-insecure-requests' => '1',
  'connection' => 'close',
  'host' => '192.168.1.144:3333',
)
[ info ] [ PARAM ] array (
  '/admin' => '',
)
[ info ] [ CACHE ] INIT File
[ info ] [ SESSION ] INIT array (
  'type' => '',
  'auto_start' => true,
)
[ info ] [ LOG ] INIT File
---------------------------------------------------------------
[ 2019-05-30T18:26:09+08:00 ] 192.168.1.144 GET 192.168.1.144:3333/admin/Login/login
[运行时间：0.166021s] [吞吐率：6.02req/s] [内存消耗：1,563.71kb] [文件加载：43]
[ info ] [ LANG ] D:\WWW\osc\css\oscshop2\thinkphp\lang\zh-cn.php
[ info ] [ ROUTE ] array (
  'type' => 'module',
  'module' => 
  array (
    0 => 'admin',
    1 => 'Login',
    2 => 'login',
  ),
)
[ info ] [ HEADER ] array (
  'cookie' => 'PHPSESSID=n8q9hfc76t2q9r9d52rn8lhlc1',
  'accept-language' => 'zh-CN,zh;q=0.9',
  'accept-encoding' => 'gzip, deflate',
  'accept' => 'text/html,application/xhtml+xml,application/xml;q=0.9,image/webp,image/apng,*/*;q=0.8,application/signed-exchange;v=b3',
  'user-agent' => 'Mozilla/5.0 (Windows NT 6.1; Win64; x64) AppleWebKit/537.36 (KHTML, like Gecko) Chrome/74.0.3729.169 Safari/537.36',
  'upgrade-insecure-requests' => '1',
  'connection' => 'close',
  'host' => '192.168.1.144:3333',
)
[ info ] [ PARAM ] array (
  '/admin/Login/login' => '',
)
[ info ] [ CACHE ] INIT File
[ info ] [ RUN ] osc\admin\controller\Login->login[ D:\WWW\osc\css\oscshop2\oscshop\admin\controller\Login.php ]
[ info ] [ SESSION ] INIT array (
  'type' => '',
  'auto_start' => true,
)
[ info ] [ VIEW ] ./oscshop/admin\view\public\login.html [ array (
) ]
[ info ] [ LOG ] INIT File
---------------------------------------------------------------
[ 2019-05-30T18:26:11+08:00 ] 192.168.1.144 POST 192.168.1.144:3333/admin/Login/login
[运行时间：0.232529s] [吞吐率：4.30req/s] [内存消耗：2,075.25kb] [文件加载：49]
[ info ] [ LANG ] D:\WWW\osc\css\oscshop2\thinkphp\lang\zh-cn.php
[ info ] [ ROUTE ] array (
  'type' => 'module',
  'module' => 
  array (
    0 => 'admin',
    1 => 'Login',
    2 => 'login',
  ),
)
[ info ] [ HEADER ] array (
  'cookie' => 'PHPSESSID=n8q9hfc76t2q9r9d52rn8lhlc1',
  'accept-language' => 'zh-CN,zh;q=0.9',
  'accept-encoding' => 'gzip, deflate',
  'referer' => 'http://192.168.1.144:3333/admin/Login/login',
  'content-type' => 'application/x-www-form-urlencoded; charset=UTF-8',
  'user-agent' => 'Mozilla/5.0 (Windows NT 6.1; Win64; x64) AppleWebKit/537.36 (KHTML, like Gecko) Chrome/74.0.3729.169 Safari/537.36',
  'x-requested-with' => 'XMLHttpRequest',
  'origin' => 'http://192.168.1.144:3333',
  'accept' => 'application/json, text/javascript, */*; q=0.01',
  'content-length' => '30',
  'connection' => 'close',
  'host' => '192.168.1.144:3333',
)
[ info ] [ PARAM ] array (
  '/admin/Login/login' => '',
  'username' => 'admin',
  'password' => '123456',
)
[ info ] [ CACHE ] INIT File
[ info ] [ RUN ] osc\admin\controller\Login->login[ D:\WWW\osc\css\oscshop2\oscshop\admin\controller\Login.php ]
[ info ] [ DB ] INIT mysql
[ info ] [ SESSION ] INIT array (
  'type' => '',
  'auto_start' => true,
)
[ info ] [ LOG ] INIT File
---------------------------------------------------------------
[ 2019-05-30T18:26:11+08:00 ] 192.168.1.144 GET 192.168.1.144:3333/admin/Index/index
[运行时间：0.586575s] [吞吐率：1.70req/s] [内存消耗：2,516.80kb] [文件加载：55]
[ info ] [ LANG ] D:\WWW\osc\css\oscshop2\thinkphp\lang\zh-cn.php
[ info ] [ ROUTE ] array (
  'type' => 'module',
  'module' => 
  array (
    0 => 'admin',
    1 => 'Index',
    2 => 'index',
  ),
)
[ info ] [ HEADER ] array (
  'cookie' => 'PHPSESSID=n8q9hfc76t2q9r9d52rn8lhlc1',
  'accept-language' => 'zh-CN,zh;q=0.9',
  'accept-encoding' => 'gzip, deflate',
  'referer' => 'http://192.168.1.144:3333/admin/Login/login',
  'accept' => 'text/html,application/xhtml+xml,application/xml;q=0.9,image/webp,image/apng,*/*;q=0.8,application/signed-exchange;v=b3',
  'user-agent' => 'Mozilla/5.0 (Windows NT 6.1; Win64; x64) AppleWebKit/537.36 (KHTML, like Gecko) Chrome/74.0.3729.169 Safari/537.36',
  'upgrade-insecure-requests' => '1',
  'connection' => 'close',
  'host' => '192.168.1.144:3333',
)
[ info ] [ PARAM ] array (
  '/admin/Index/index' => '',
)
[ info ] [ CACHE ] INIT File
[ info ] [ SESSION ] INIT array (
  'type' => '',
  'auto_start' => true,
)
[ info ] [ DB ] INIT mysql
[ info ] [ RUN ] osc\admin\controller\Index->index[ D:\WWW\osc\css\oscshop2\oscshop\admin\controller\Index.php ]
[ info ] [ VIEW ] ./oscshop/admin\view\index\index.html [ array (
  0 => 'admin_menu',
  1 => 'total_order',
  2 => 'today_order',
  3 => 'total_money',
  4 => 'today_money',
  5 => 'user_action_total',
  6 => 'today_user_action',
  7 => 'today_member',
  8 => 'member_count',
  9 => 'user_action',
  10 => 'uc_empty',
  11 => 'order_list',
  12 => 'empty',
) ]
[ info ] [ LOG ] INIT File
---------------------------------------------------------------
[ 2019-05-30T18:26:15+08:00 ] 192.168.1.144 GET 192.168.1.144:3333/admin/brand/index
[运行时间：0.331542s] [吞吐率：3.02req/s] [内存消耗：2,384.36kb] [文件加载：54]
[ info ] [ LANG ] D:\WWW\osc\css\oscshop2\thinkphp\lang\zh-cn.php
[ info ] [ ROUTE ] array (
  'type' => 'module',
  'module' => 
  array (
    0 => 'admin',
    1 => 'brand',
    2 => 'index',
  ),
)
[ info ] [ HEADER ] array (
  'cookie' => 'PHPSESSID=n8q9hfc76t2q9r9d52rn8lhlc1',
  'accept-language' => 'zh-CN,zh;q=0.9',
  'accept-encoding' => 'gzip, deflate',
  'referer' => 'http://192.168.1.144:3333/admin/Index/index',
  'accept' => 'text/html,application/xhtml+xml,application/xml;q=0.9,image/webp,image/apng,*/*;q=0.8,application/signed-exchange;v=b3',
  'user-agent' => 'Mozilla/5.0 (Windows NT 6.1; Win64; x64) AppleWebKit/537.36 (KHTML, like Gecko) Chrome/74.0.3729.169 Safari/537.36',
  'upgrade-insecure-requests' => '1',
  'connection' => 'close',
  'host' => '192.168.1.144:3333',
)
[ info ] [ PARAM ] array (
  '/admin/brand/index' => '',
)
[ info ] [ CACHE ] INIT File
[ info ] [ SESSION ] INIT array (
  'type' => '',
  'auto_start' => true,
)
[ info ] [ DB ] INIT mysql
[ info ] [ RUN ] osc\admin\controller\Brand->index[ D:\WWW\osc\css\oscshop2\oscshop\admin\controller\Brand.php ]
[ info ] [ VIEW ] ./oscshop/admin\view\brand\index.html [ array (
  0 => 'admin_menu',
  1 => 'breadcrumb1',
  2 => 'breadcrumb2',
  3 => 'empty',
  4 => 'list',
) ]
[ info ] [ LOG ] INIT File
---------------------------------------------------------------
[ 2019-05-30T18:26:23+08:00 ] 192.168.1.144 GET 192.168.1.144:3333/admin/brand/add
[运行时间：0.297037s] [吞吐率：3.37req/s] [内存消耗：1,849.10kb] [文件加载：47]
[ info ] [ LANG ] D:\WWW\osc\css\oscshop2\thinkphp\lang\zh-cn.php
[ info ] [ ROUTE ] array (
  'type' => 'module',
  'module' => 
  array (
    0 => 'admin',
    1 => 'brand',
    2 => 'add',
  ),
)
[ info ] [ HEADER ] array (
  'cookie' => 'PHPSESSID=n8q9hfc76t2q9r9d52rn8lhlc1',
  'accept-language' => 'zh-CN,zh;q=0.9',
  'accept-encoding' => 'gzip, deflate',
  'referer' => 'http://192.168.1.144:3333/admin/brand/index',
  'accept' => 'text/html,application/xhtml+xml,application/xml;q=0.9,image/webp,image/apng,*/*;q=0.8,application/signed-exchange;v=b3',
  'user-agent' => 'Mozilla/5.0 (Windows NT 6.1; Win64; x64) AppleWebKit/537.36 (KHTML, like Gecko) Chrome/74.0.3729.169 Safari/537.36',
  'upgrade-insecure-requests' => '1',
  'connection' => 'close',
  'host' => '192.168.1.144:3333',
)
[ info ] [ PARAM ] array (
  '/admin/brand/add' => '',
)
[ info ] [ CACHE ] INIT File
[ info ] [ SESSION ] INIT array (
  'type' => '',
  'auto_start' => true,
)
[ info ] [ DB ] INIT mysql
[ info ] [ RUN ] osc\admin\controller\Brand->add[ D:\WWW\osc\css\oscshop2\oscshop\admin\controller\Brand.php ]
[ info ] [ VIEW ] ./oscshop/admin\view\brand\edit.html [ array (
  0 => 'admin_menu',
  1 => 'breadcrumb1',
  2 => 'breadcrumb2',
  3 => 'crumbs',
  4 => 'action',
) ]
[ info ] [ LOG ] INIT File
---------------------------------------------------------------
[ 2019-05-30T18:26:29+08:00 ] 192.168.1.144 GET 192.168.1.144:3333/admin/FileManager/index/target/input-image/thumb/thumb-image
[运行时间：0.126516s] [吞吐率：7.90req/s] [内存消耗：1,643.48kb] [文件加载：44]
[ info ] [ LANG ] D:\WWW\osc\css\oscshop2\thinkphp\lang\zh-cn.php
[ info ] [ ROUTE ] array (
  'type' => 'module',
  'module' => 
  array (
    0 => 'admin',
    1 => 'FileManager',
    2 => 'index',
  ),
)
[ info ] [ HEADER ] array (
  'cookie' => 'PHPSESSID=n8q9hfc76t2q9r9d52rn8lhlc1',
  'accept-language' => 'zh-CN,zh;q=0.9',
  'accept-encoding' => 'gzip, deflate',
  'referer' => 'http://192.168.1.144:3333/admin/brand/add',
  'user-agent' => 'Mozilla/5.0 (Windows NT 6.1; Win64; x64) AppleWebKit/537.36 (KHTML, like Gecko) Chrome/74.0.3729.169 Safari/537.36',
  'x-requested-with' => 'XMLHttpRequest',
  'accept' => 'text/html, */*; q=0.01',
  'connection' => 'close',
  'host' => '192.168.1.144:3333',
)
[ info ] [ PARAM ] array (
  '/admin/FileManager/index/target/input-image/thumb/thumb-image' => '',
  'target' => 'input-image',
  'thumb' => 'thumb-image',
)
[ info ] [ CACHE ] INIT File
[ info ] [ SESSION ] INIT array (
  'type' => '',
  'auto_start' => true,
)
[ info ] [ RUN ] osc\common\controller\ImageManager->index[ D:\WWW\osc\css\oscshop2\oscshop\common\controller\ImageManager.php ]
[ info ] [ VIEW ] ./oscshop/admin\view\file_manager\index.html [ array (
  0 => 'data',
  1 => 'heading_title',
) ]
[ info ] [ LOG ] INIT File
---------------------------------------------------------------
[ 2019-05-30T18:26:34+08:00 ] 192.168.1.144 GET 192.168.1.144:3333/admin/file_manager/index/directory/logo/target/input-image/thumb/thumb-image
[运行时间：0.022003s] [吞吐率：45.45req/s] [内存消耗：1,500.33kb] [文件加载：42]
[ info ] [ LANG ] D:\WWW\osc\css\oscshop2\thinkphp\lang\zh-cn.php
[ info ] [ ROUTE ] array (
  'type' => 'module',
  'module' => 
  array (
    0 => 'admin',
    1 => 'file_manager',
    2 => 'index',
  ),
)
[ info ] [ HEADER ] array (
  'cookie' => 'PHPSESSID=n8q9hfc76t2q9r9d52rn8lhlc1',
  'accept-language' => 'zh-CN,zh;q=0.9',
  'accept-encoding' => 'gzip, deflate',
  'referer' => 'http://192.168.1.144:3333/admin/brand/add',
  'user-agent' => 'Mozilla/5.0 (Windows NT 6.1; Win64; x64) AppleWebKit/537.36 (KHTML, like Gecko) Chrome/74.0.3729.169 Safari/537.36',
  'x-requested-with' => 'XMLHttpRequest',
  'accept' => 'text/html, */*; q=0.01',
  'connection' => 'close',
  'host' => '192.168.1.144:3333',
)
[ info ] [ PARAM ] array (
  '/admin/file_manager/index/directory/logo/target/input-image/thumb/thumb-image' => '',
  'directory' => 'logo',
  'target' => 'input-image',
  'thumb' => 'thumb-image',
)
[ info ] [ CACHE ] INIT File
[ info ] [ SESSION ] INIT array (
  'type' => '',
  'auto_start' => true,
)
[ info ] [ RUN ] osc\common\controller\ImageManager->index[ D:\WWW\osc\css\oscshop2\oscshop\common\controller\ImageManager.php ]
[ info ] [ VIEW ] ./oscshop/admin\view\file_manager\index.html [ array (
  0 => 'data',
  1 => 'heading_title',
) ]
[ info ] [ LOG ] INIT File
---------------------------------------------------------------
[ 2019-05-30T18:26:38+08:00 ] 192.168.1.144 POST 192.168.1.144:3333/admin/file_manager/upload/directory/logo
[运行时间：0.048506s] [吞吐率：20.62req/s] [内存消耗：1,461.34kb] [文件加载：41]
[ info ] [ LANG ] D:\WWW\osc\css\oscshop2\thinkphp\lang\zh-cn.php
[ info ] [ ROUTE ] array (
  'type' => 'module',
  'module' => 
  array (
    0 => 'admin',
    1 => 'file_manager',
    2 => 'upload',
  ),
)
[ info ] [ HEADER ] array (
  'cookie' => 'PHPSESSID=n8q9hfc76t2q9r9d52rn8lhlc1',
  'accept-language' => 'zh-CN,zh;q=0.9',
  'accept-encoding' => 'gzip, deflate',
  'referer' => 'http://192.168.1.144:3333/admin/brand/add',
  'content-type' => 'multipart/form-data; boundary=----WebKitFormBoundaryTDaHroYd1AdWtUoU',
  'user-agent' => 'Mozilla/5.0 (Windows NT 6.1; Win64; x64) AppleWebKit/537.36 (KHTML, like Gecko) Chrome/74.0.3729.169 Safari/537.36',
  'x-requested-with' => 'XMLHttpRequest',
  'origin' => 'http://192.168.1.144:3333',
  'accept' => 'application/json, text/javascript, */*; q=0.01',
  'content-length' => '51844',
  'connection' => 'close',
  'host' => '192.168.1.144:3333',
)
[ info ] [ PARAM ] array (
  '/admin/file_manager/upload/directory/logo' => '',
  'directory' => 'logo',
)
[ info ] [ CACHE ] INIT File
[ info ] [ SESSION ] INIT array (
  'type' => '',
  'auto_start' => true,
)
[ info ] [ RUN ] osc\common\controller\ImageManager->upload[ D:\WWW\osc\css\oscshop2\oscshop\common\controller\ImageManager.php ]
[ info ] [ LOG ] INIT File
---------------------------------------------------------------
[ 2019-05-30T18:26:40+08:00 ] 192.168.1.144 GET 192.168.1.144:3333/admin/file_manager/index/directory/logo/target/input-image/thumb/thumb-image
[运行时间：0.093512s] [吞吐率：10.69req/s] [内存消耗：1,531.65kb] [文件加载：43]
[ info ] [ LANG ] D:\WWW\osc\css\oscshop2\thinkphp\lang\zh-cn.php
[ info ] [ ROUTE ] array (
  'type' => 'module',
  'module' => 
  array (
    0 => 'admin',
    1 => 'file_manager',
    2 => 'index',
  ),
)
[ info ] [ HEADER ] array (
  'cookie' => 'PHPSESSID=n8q9hfc76t2q9r9d52rn8lhlc1',
  'accept-language' => 'zh-CN,zh;q=0.9',
  'accept-encoding' => 'gzip, deflate',
  'referer' => 'http://192.168.1.144:3333/admin/brand/add',
  'user-agent' => 'Mozilla/5.0 (Windows NT 6.1; Win64; x64) AppleWebKit/537.36 (KHTML, like Gecko) Chrome/74.0.3729.169 Safari/537.36',
  'x-requested-with' => 'XMLHttpRequest',
  'accept' => 'text/html, */*; q=0.01',
  'connection' => 'close',
  'host' => '192.168.1.144:3333',
)
[ info ] [ PARAM ] array (
  '/admin/file_manager/index/directory/logo/target/input-image/thumb/thumb-image' => '',
  'directory' => 'logo',
  'target' => 'input-image',
  'thumb' => 'thumb-image',
)
[ info ] [ CACHE ] INIT File
[ info ] [ SESSION ] INIT array (
  'type' => '',
  'auto_start' => true,
)
[ info ] [ RUN ] osc\common\controller\ImageManager->index[ D:\WWW\osc\css\oscshop2\oscshop\common\controller\ImageManager.php ]
[ info ] [ VIEW ] ./oscshop/admin\view\file_manager\index.html [ array (
  0 => 'data',
  1 => 'heading_title',
) ]
[ info ] [ LOG ] INIT File
---------------------------------------------------------------
[ 2019-05-30T18:26:49+08:00 ] 192.168.1.144 POST 192.168.1.144:3333/admin/file_manager/upload/directory/logo
[运行时间：0.035505s] [吞吐率：28.17req/s] [内存消耗：1,461.33kb] [文件加载：41]
[ info ] [ LANG ] D:\WWW\osc\css\oscshop2\thinkphp\lang\zh-cn.php
[ info ] [ ROUTE ] array (
  'type' => 'module',
  'module' => 
  array (
    0 => 'admin',
    1 => 'file_manager',
    2 => 'upload',
  ),
)
[ info ] [ HEADER ] array (
  'cookie' => 'PHPSESSID=n8q9hfc76t2q9r9d52rn8lhlc1',
  'accept-language' => 'zh-CN,zh;q=0.9',
  'accept-encoding' => 'gzip, deflate',
  'referer' => 'http://192.168.1.144:3333/admin/brand/add',
  'content-type' => 'multipart/form-data; boundary=----WebKitFormBoundary2AIi2uinFAAfEgWE',
  'user-agent' => 'Mozilla/5.0 (Windows NT 6.1; Win64; x64) AppleWebKit/537.36 (KHTML, like Gecko) Chrome/74.0.3729.169 Safari/537.36',
  'x-requested-with' => 'XMLHttpRequest',
  'origin' => 'http://192.168.1.144:3333',
  'accept' => 'application/json, text/javascript, */*; q=0.01',
  'content-length' => '9629',
  'connection' => 'close',
  'host' => '192.168.1.144:3333',
)
[ info ] [ PARAM ] array (
  '/admin/file_manager/upload/directory/logo' => '',
  'directory' => 'logo',
)
[ info ] [ CACHE ] INIT File
[ info ] [ SESSION ] INIT array (
  'type' => '',
  'auto_start' => true,
)
[ info ] [ RUN ] osc\common\controller\ImageManager->upload[ D:\WWW\osc\css\oscshop2\oscshop\common\controller\ImageManager.php ]
[ info ] [ LOG ] INIT File
---------------------------------------------------------------
[ 2019-05-30T18:26:51+08:00 ] 192.168.1.144 GET 192.168.1.144:3333/admin/file_manager/index/directory/logo/target/input-image/thumb/thumb-image
[运行时间：0.035004s] [吞吐率：28.57req/s] [内存消耗：1,532.31kb] [文件加载：43]
[ info ] [ LANG ] D:\WWW\osc\css\oscshop2\thinkphp\lang\zh-cn.php
[ info ] [ ROUTE ] array (
  'type' => 'module',
  'module' => 
  array (
    0 => 'admin',
    1 => 'file_manager',
    2 => 'index',
  ),
)
[ info ] [ HEADER ] array (
  'cookie' => 'PHPSESSID=n8q9hfc76t2q9r9d52rn8lhlc1',
  'accept-language' => 'zh-CN,zh;q=0.9',
  'accept-encoding' => 'gzip, deflate',
  'referer' => 'http://192.168.1.144:3333/admin/brand/add',
  'user-agent' => 'Mozilla/5.0 (Windows NT 6.1; Win64; x64) AppleWebKit/537.36 (KHTML, like Gecko) Chrome/74.0.3729.169 Safari/537.36',
  'x-requested-with' => 'XMLHttpRequest',
  'accept' => 'text/html, */*; q=0.01',
  'connection' => 'close',
  'host' => '192.168.1.144:3333',
)
[ info ] [ PARAM ] array (
  '/admin/file_manager/index/directory/logo/target/input-image/thumb/thumb-image' => '',
  'directory' => 'logo',
  'target' => 'input-image',
  'thumb' => 'thumb-image',
)
[ info ] [ CACHE ] INIT File
[ info ] [ SESSION ] INIT array (
  'type' => '',
  'auto_start' => true,
)
[ info ] [ RUN ] osc\common\controller\ImageManager->index[ D:\WWW\osc\css\oscshop2\oscshop\common\controller\ImageManager.php ]
[ info ] [ VIEW ] ./oscshop/admin\view\file_manager\index.html [ array (
  0 => 'data',
  1 => 'heading_title',
) ]
[ info ] [ LOG ] INIT File
---------------------------------------------------------------
[ 2019-05-30T18:27:00+08:00 ] 192.168.1.144 POST 192.168.1.144:3333/admin/file_manager/upload/directory/logo
[运行时间：0.028504s] [吞吐率：35.08req/s] [内存消耗：1,461.27kb] [文件加载：41]
[ info ] [ LANG ] D:\WWW\osc\css\oscshop2\thinkphp\lang\zh-cn.php
[ info ] [ ROUTE ] array (
  'type' => 'module',
  'module' => 
  array (
    0 => 'admin',
    1 => 'file_manager',
    2 => 'upload',
  ),
)
[ info ] [ HEADER ] array (
  'cookie' => 'PHPSESSID=n8q9hfc76t2q9r9d52rn8lhlc1',
  'accept-language' => 'zh-CN,zh;q=0.9',
  'accept-encoding' => 'gzip, deflate',
  'referer' => 'http://192.168.1.144:3333/admin/brand/add',
  'content-type' => 'multipart/form-data; boundary=----WebKitFormBoundaryNRczQGt7Ib2JKGcR',
  'user-agent' => 'Mozilla/5.0 (Windows NT 6.1; Win64; x64) AppleWebKit/537.36 (KHTML, like Gecko) Chrome/74.0.3729.169 Safari/537.36',
  'x-requested-with' => 'XMLHttpRequest',
  'origin' => 'http://192.168.1.144:3333',
  'accept' => 'application/json, text/javascript, */*; q=0.01',
  'content-length' => '9704',
  'connection' => 'close',
  'host' => '192.168.1.144:3333',
)
[ info ] [ PARAM ] array (
  '/admin/file_manager/upload/directory/logo' => '',
  'directory' => 'logo',
)
[ info ] [ CACHE ] INIT File
[ info ] [ SESSION ] INIT array (
  'type' => '',
  'auto_start' => true,
)
[ info ] [ RUN ] osc\common\controller\ImageManager->upload[ D:\WWW\osc\css\oscshop2\oscshop\common\controller\ImageManager.php ]
[ info ] [ LOG ] INIT File
---------------------------------------------------------------
[ 2019-05-30T18:27:01+08:00 ] 192.168.1.144 GET 192.168.1.144:3333/admin/file_manager/index/directory/logo/target/input-image/thumb/thumb-image
[运行时间：0.052007s] [吞吐率：19.23req/s] [内存消耗：1,533.00kb] [文件加载：43]
[ info ] [ LANG ] D:\WWW\osc\css\oscshop2\thinkphp\lang\zh-cn.php
[ info ] [ ROUTE ] array (
  'type' => 'module',
  'module' => 
  array (
    0 => 'admin',
    1 => 'file_manager',
    2 => 'index',
  ),
)
[ info ] [ HEADER ] array (
  'cookie' => 'PHPSESSID=n8q9hfc76t2q9r9d52rn8lhlc1',
  'accept-language' => 'zh-CN,zh;q=0.9',
  'accept-encoding' => 'gzip, deflate',
  'referer' => 'http://192.168.1.144:3333/admin/brand/add',
  'user-agent' => 'Mozilla/5.0 (Windows NT 6.1; Win64; x64) AppleWebKit/537.36 (KHTML, like Gecko) Chrome/74.0.3729.169 Safari/537.36',
  'x-requested-with' => 'XMLHttpRequest',
  'accept' => 'text/html, */*; q=0.01',
  'connection' => 'close',
  'host' => '192.168.1.144:3333',
)
[ info ] [ PARAM ] array (
  '/admin/file_manager/index/directory/logo/target/input-image/thumb/thumb-image' => '',
  'directory' => 'logo',
  'target' => 'input-image',
  'thumb' => 'thumb-image',
)
[ info ] [ CACHE ] INIT File
[ info ] [ SESSION ] INIT array (
  'type' => '',
  'auto_start' => true,
)
[ info ] [ RUN ] osc\common\controller\ImageManager->index[ D:\WWW\osc\css\oscshop2\oscshop\common\controller\ImageManager.php ]
[ info ] [ VIEW ] ./oscshop/admin\view\file_manager\index.html [ array (
  0 => 'data',
  1 => 'heading_title',
) ]
[ info ] [ LOG ] INIT File
---------------------------------------------------------------
[ 2019-05-30T18:27:07+08:00 ] 192.168.1.144 POST 192.168.1.144:3333/admin/file_manager/upload/directory/logo
[运行时间：0.043505s] [吞吐率：22.99req/s] [内存消耗：1,461.33kb] [文件加载：41]
[ info ] [ LANG ] D:\WWW\osc\css\oscshop2\thinkphp\lang\zh-cn.php
[ info ] [ ROUTE ] array (
  'type' => 'module',
  'module' => 
  array (
    0 => 'admin',
    1 => 'file_manager',
    2 => 'upload',
  ),
)
[ info ] [ HEADER ] array (
  'cookie' => 'PHPSESSID=n8q9hfc76t2q9r9d52rn8lhlc1',
  'accept-language' => 'zh-CN,zh;q=0.9',
  'accept-encoding' => 'gzip, deflate',
  'referer' => 'http://192.168.1.144:3333/admin/brand/add',
  'content-type' => 'multipart/form-data; boundary=----WebKitFormBoundaryRU5f3wqcRDIUACqc',
  'user-agent' => 'Mozilla/5.0 (Windows NT 6.1; Win64; x64) AppleWebKit/537.36 (KHTML, like Gecko) Chrome/74.0.3729.169 Safari/537.36',
  'x-requested-with' => 'XMLHttpRequest',
  'origin' => 'http://192.168.1.144:3333',
  'accept' => 'application/json, text/javascript, */*; q=0.01',
  'content-length' => '32215',
  'connection' => 'close',
  'host' => '192.168.1.144:3333',
)
[ info ] [ PARAM ] array (
  '/admin/file_manager/upload/directory/logo' => '',
  'directory' => 'logo',
)
[ info ] [ CACHE ] INIT File
[ info ] [ SESSION ] INIT array (
  'type' => '',
  'auto_start' => true,
)
[ info ] [ RUN ] osc\common\controller\ImageManager->upload[ D:\WWW\osc\css\oscshop2\oscshop\common\controller\ImageManager.php ]
[ info ] [ LOG ] INIT File
---------------------------------------------------------------
[ 2019-05-30T18:27:09+08:00 ] 192.168.1.144 GET 192.168.1.144:3333/admin/file_manager/index/directory/logo/target/input-image/thumb/thumb-image
[运行时间：0.042005s] [吞吐率：23.81req/s] [内存消耗：1,533.66kb] [文件加载：43]
[ info ] [ LANG ] D:\WWW\osc\css\oscshop2\thinkphp\lang\zh-cn.php
[ info ] [ ROUTE ] array (
  'type' => 'module',
  'module' => 
  array (
    0 => 'admin',
    1 => 'file_manager',
    2 => 'index',
  ),
)
[ info ] [ HEADER ] array (
  'cookie' => 'PHPSESSID=n8q9hfc76t2q9r9d52rn8lhlc1',
  'accept-language' => 'zh-CN,zh;q=0.9',
  'accept-encoding' => 'gzip, deflate',
  'referer' => 'http://192.168.1.144:3333/admin/brand/add',
  'user-agent' => 'Mozilla/5.0 (Windows NT 6.1; Win64; x64) AppleWebKit/537.36 (KHTML, like Gecko) Chrome/74.0.3729.169 Safari/537.36',
  'x-requested-with' => 'XMLHttpRequest',
  'accept' => 'text/html, */*; q=0.01',
  'connection' => 'close',
  'host' => '192.168.1.144:3333',
)
[ info ] [ PARAM ] array (
  '/admin/file_manager/index/directory/logo/target/input-image/thumb/thumb-image' => '',
  'directory' => 'logo',
  'target' => 'input-image',
  'thumb' => 'thumb-image',
)
[ info ] [ CACHE ] INIT File
[ info ] [ SESSION ] INIT array (
  'type' => '',
  'auto_start' => true,
)
[ info ] [ RUN ] osc\common\controller\ImageManager->index[ D:\WWW\osc\css\oscshop2\oscshop\common\controller\ImageManager.php ]
[ info ] [ VIEW ] ./oscshop/admin\view\file_manager\index.html [ array (
  0 => 'data',
  1 => 'heading_title',
) ]
[ info ] [ LOG ] INIT File
---------------------------------------------------------------
[ 2019-05-30T18:27:21+08:00 ] 192.168.1.144 GET 192.168.1.144:3333/admin/file_manager/index/directory/logo/thumb/thumb-image/target/input-image
[运行时间：0.022002s] [吞吐率：45.45req/s] [内存消耗：1,503.02kb] [文件加载：42]
[ info ] [ LANG ] D:\WWW\osc\css\oscshop2\thinkphp\lang\zh-cn.php
[ info ] [ ROUTE ] array (
  'type' => 'module',
  'module' => 
  array (
    0 => 'admin',
    1 => 'file_manager',
    2 => 'index',
  ),
)
[ info ] [ HEADER ] array (
  'cookie' => 'PHPSESSID=n8q9hfc76t2q9r9d52rn8lhlc1',
  'accept-language' => 'zh-CN,zh;q=0.9',
  'accept-encoding' => 'gzip, deflate',
  'referer' => 'http://192.168.1.144:3333/admin/brand/add',
  'user-agent' => 'Mozilla/5.0 (Windows NT 6.1; Win64; x64) AppleWebKit/537.36 (KHTML, like Gecko) Chrome/74.0.3729.169 Safari/537.36',
  'x-requested-with' => 'XMLHttpRequest',
  'accept' => 'text/html, */*; q=0.01',
  'connection' => 'close',
  'host' => '192.168.1.144:3333',
)
[ info ] [ PARAM ] array (
  '/admin/file_manager/index/directory/logo/thumb/thumb-image/target/input-image' => '',
  'directory' => 'logo',
  'thumb' => 'thumb-image',
  'target' => 'input-image',
)
[ info ] [ CACHE ] INIT File
[ info ] [ SESSION ] INIT array (
  'type' => '',
  'auto_start' => true,
)
[ info ] [ RUN ] osc\common\controller\ImageManager->index[ D:\WWW\osc\css\oscshop2\oscshop\common\controller\ImageManager.php ]
[ info ] [ VIEW ] ./oscshop/admin\view\file_manager\index.html [ array (
  0 => 'data',
  1 => 'heading_title',
) ]
[ info ] [ LOG ] INIT File
---------------------------------------------------------------
[ 2019-05-30T18:27:33+08:00 ] 192.168.1.144 POST 192.168.1.144:3333/admin/Brand/add
[运行时间：0.207026s] [吞吐率：4.83req/s] [内存消耗：2,101.19kb] [文件加载：49]
[ info ] [ LANG ] D:\WWW\osc\css\oscshop2\thinkphp\lang\zh-cn.php
[ info ] [ ROUTE ] array (
  'type' => 'module',
  'module' => 
  array (
    0 => 'admin',
    1 => 'Brand',
    2 => 'add',
  ),
)
[ info ] [ HEADER ] array (
  'cookie' => 'PHPSESSID=n8q9hfc76t2q9r9d52rn8lhlc1',
  'accept-language' => 'zh-CN,zh;q=0.9',
  'accept-encoding' => 'gzip, deflate',
  'referer' => 'http://192.168.1.144:3333/admin/brand/add',
  'content-type' => 'application/x-www-form-urlencoded; charset=UTF-8',
  'user-agent' => 'Mozilla/5.0 (Windows NT 6.1; Win64; x64) AppleWebKit/537.36 (KHTML, like Gecko) Chrome/74.0.3729.169 Safari/537.36',
  'x-requested-with' => 'XMLHttpRequest',
  'origin' => 'http://192.168.1.144:3333',
  'accept' => '*/*',
  'content-length' => '61',
  'connection' => 'close',
  'host' => '192.168.1.144:3333',
)
[ info ] [ PARAM ] array (
  '/admin/Brand/add' => '',
  'image' => 'images/osc1/logo/a2.jpg',
  'name' => 'A2白金',
)
[ info ] [ CACHE ] INIT File
[ info ] [ SESSION ] INIT array (
  'type' => '',
  'auto_start' => true,
)
[ info ] [ DB ] INIT mysql
[ info ] [ RUN ] osc\admin\controller\Brand->add[ D:\WWW\osc\css\oscshop2\oscshop\admin\controller\Brand.php ]
[ info ] [ LOG ] INIT File
---------------------------------------------------------------
[ 2019-05-30T18:27:45+08:00 ] 192.168.1.144 GET 192.168.1.144:3333/admin/brand/index
[运行时间：0.123516s] [吞吐率：8.10req/s] [内存消耗：2,237.19kb] [文件加载：52]
[ info ] [ LANG ] D:\WWW\osc\css\oscshop2\thinkphp\lang\zh-cn.php
[ info ] [ ROUTE ] array (
  'type' => 'module',
  'module' => 
  array (
    0 => 'admin',
    1 => 'brand',
    2 => 'index',
  ),
)
[ info ] [ HEADER ] array (
  'cookie' => 'PHPSESSID=n8q9hfc76t2q9r9d52rn8lhlc1',
  'accept-language' => 'zh-CN,zh;q=0.9',
  'accept-encoding' => 'gzip, deflate',
  'referer' => 'http://192.168.1.144:3333/admin/brand/add',
  'accept' => 'text/html,application/xhtml+xml,application/xml;q=0.9,image/webp,image/apng,*/*;q=0.8,application/signed-exchange;v=b3',
  'user-agent' => 'Mozilla/5.0 (Windows NT 6.1; Win64; x64) AppleWebKit/537.36 (KHTML, like Gecko) Chrome/74.0.3729.169 Safari/537.36',
  'upgrade-insecure-requests' => '1',
  'connection' => 'close',
  'host' => '192.168.1.144:3333',
)
[ info ] [ PARAM ] array (
  '/admin/brand/index' => '',
)
[ info ] [ CACHE ] INIT File
[ info ] [ SESSION ] INIT array (
  'type' => '',
  'auto_start' => true,
)
[ info ] [ DB ] INIT mysql
[ info ] [ RUN ] osc\admin\controller\Brand->index[ D:\WWW\osc\css\oscshop2\oscshop\admin\controller\Brand.php ]
[ info ] [ VIEW ] ./oscshop/admin\view\brand\index.html [ array (
  0 => 'admin_menu',
  1 => 'breadcrumb1',
  2 => 'breadcrumb2',
  3 => 'empty',
  4 => 'list',
) ]
[ info ] [ LOG ] INIT File
---------------------------------------------------------------
[ 2019-05-30T18:27:47+08:00 ] 192.168.1.144 GET 192.168.1.144:3333/admin/brand/add
[运行时间：0.067509s] [吞吐率：14.81req/s] [内存消耗：1,699.94kb] [文件加载：45]
[ info ] [ LANG ] D:\WWW\osc\css\oscshop2\thinkphp\lang\zh-cn.php
[ info ] [ ROUTE ] array (
  'type' => 'module',
  'module' => 
  array (
    0 => 'admin',
    1 => 'brand',
    2 => 'add',
  ),
)
[ info ] [ HEADER ] array (
  'cookie' => 'PHPSESSID=n8q9hfc76t2q9r9d52rn8lhlc1',
  'accept-language' => 'zh-CN,zh;q=0.9',
  'accept-encoding' => 'gzip, deflate',
  'referer' => 'http://192.168.1.144:3333/admin/brand/index',
  'accept' => 'text/html,application/xhtml+xml,application/xml;q=0.9,image/webp,image/apng,*/*;q=0.8,application/signed-exchange;v=b3',
  'user-agent' => 'Mozilla/5.0 (Windows NT 6.1; Win64; x64) AppleWebKit/537.36 (KHTML, like Gecko) Chrome/74.0.3729.169 Safari/537.36',
  'upgrade-insecure-requests' => '1',
  'connection' => 'close',
  'host' => '192.168.1.144:3333',
)
[ info ] [ PARAM ] array (
  '/admin/brand/add' => '',
)
[ info ] [ CACHE ] INIT File
[ info ] [ SESSION ] INIT array (
  'type' => '',
  'auto_start' => true,
)
[ info ] [ DB ] INIT mysql
[ info ] [ RUN ] osc\admin\controller\Brand->add[ D:\WWW\osc\css\oscshop2\oscshop\admin\controller\Brand.php ]
[ info ] [ VIEW ] ./oscshop/admin\view\brand\edit.html [ array (
  0 => 'admin_menu',
  1 => 'breadcrumb1',
  2 => 'breadcrumb2',
  3 => 'crumbs',
  4 => 'action',
) ]
[ info ] [ LOG ] INIT File
---------------------------------------------------------------
[ 2019-05-30T18:27:49+08:00 ] 192.168.1.144 GET 192.168.1.144:3333/admin/FileManager/index/target/input-image/thumb/thumb-image
[运行时间：0.027004s] [吞吐率：37.03req/s] [内存消耗：1,509.52kb] [文件加载：42]
[ info ] [ LANG ] D:\WWW\osc\css\oscshop2\thinkphp\lang\zh-cn.php
[ info ] [ ROUTE ] array (
  'type' => 'module',
  'module' => 
  array (
    0 => 'admin',
    1 => 'FileManager',
    2 => 'index',
  ),
)
[ info ] [ HEADER ] array (
  'cookie' => 'PHPSESSID=n8q9hfc76t2q9r9d52rn8lhlc1',
  'accept-language' => 'zh-CN,zh;q=0.9',
  'accept-encoding' => 'gzip, deflate',
  'referer' => 'http://192.168.1.144:3333/admin/brand/add',
  'user-agent' => 'Mozilla/5.0 (Windows NT 6.1; Win64; x64) AppleWebKit/537.36 (KHTML, like Gecko) Chrome/74.0.3729.169 Safari/537.36',
  'x-requested-with' => 'XMLHttpRequest',
  'accept' => 'text/html, */*; q=0.01',
  'connection' => 'close',
  'host' => '192.168.1.144:3333',
)
[ info ] [ PARAM ] array (
  '/admin/FileManager/index/target/input-image/thumb/thumb-image' => '',
  'target' => 'input-image',
  'thumb' => 'thumb-image',
)
[ info ] [ CACHE ] INIT File
[ info ] [ SESSION ] INIT array (
  'type' => '',
  'auto_start' => true,
)
[ info ] [ RUN ] osc\common\controller\ImageManager->index[ D:\WWW\osc\css\oscshop2\oscshop\common\controller\ImageManager.php ]
[ info ] [ VIEW ] ./oscshop/admin\view\file_manager\index.html [ array (
  0 => 'data',
  1 => 'heading_title',
) ]
[ info ] [ LOG ] INIT File
---------------------------------------------------------------
[ 2019-05-30T18:27:52+08:00 ] 192.168.1.144 GET 192.168.1.144:3333/admin/file_manager/index/directory/logo/target/input-image/thumb/thumb-image
[运行时间：0.018502s] [吞吐率：54.05req/s] [内存消耗：1,503.02kb] [文件加载：42]
[ info ] [ LANG ] D:\WWW\osc\css\oscshop2\thinkphp\lang\zh-cn.php
[ info ] [ ROUTE ] array (
  'type' => 'module',
  'module' => 
  array (
    0 => 'admin',
    1 => 'file_manager',
    2 => 'index',
  ),
)
[ info ] [ HEADER ] array (
  'cookie' => 'PHPSESSID=n8q9hfc76t2q9r9d52rn8lhlc1',
  'accept-language' => 'zh-CN,zh;q=0.9',
  'accept-encoding' => 'gzip, deflate',
  'referer' => 'http://192.168.1.144:3333/admin/brand/add',
  'user-agent' => 'Mozilla/5.0 (Windows NT 6.1; Win64; x64) AppleWebKit/537.36 (KHTML, like Gecko) Chrome/74.0.3729.169 Safari/537.36',
  'x-requested-with' => 'XMLHttpRequest',
  'accept' => 'text/html, */*; q=0.01',
  'connection' => 'close',
  'host' => '192.168.1.144:3333',
)
[ info ] [ PARAM ] array (
  '/admin/file_manager/index/directory/logo/target/input-image/thumb/thumb-image' => '',
  'directory' => 'logo',
  'target' => 'input-image',
  'thumb' => 'thumb-image',
)
[ info ] [ CACHE ] INIT File
[ info ] [ SESSION ] INIT array (
  'type' => '',
  'auto_start' => true,
)
[ info ] [ RUN ] osc\common\controller\ImageManager->index[ D:\WWW\osc\css\oscshop2\oscshop\common\controller\ImageManager.php ]
[ info ] [ VIEW ] ./oscshop/admin\view\file_manager\index.html [ array (
  0 => 'data',
  1 => 'heading_title',
) ]
[ info ] [ LOG ] INIT File
---------------------------------------------------------------
[ 2019-05-30T18:28:21+08:00 ] 192.168.1.144 POST 192.168.1.144:3333/admin/Brand/add
[运行时间：0.183023s] [吞吐率：5.46req/s] [内存消耗：2,101.18kb] [文件加载：49]
[ info ] [ LANG ] D:\WWW\osc\css\oscshop2\thinkphp\lang\zh-cn.php
[ info ] [ ROUTE ] array (
  'type' => 'module',
  'module' => 
  array (
    0 => 'admin',
    1 => 'Brand',
    2 => 'add',
  ),
)
[ info ] [ HEADER ] array (
  'cookie' => 'PHPSESSID=n8q9hfc76t2q9r9d52rn8lhlc1',
  'accept-language' => 'zh-CN,zh;q=0.9',
  'accept-encoding' => 'gzip, deflate',
  'referer' => 'http://192.168.1.144:3333/admin/brand/add',
  'content-type' => 'application/x-www-form-urlencoded; charset=UTF-8',
  'user-agent' => 'Mozilla/5.0 (Windows NT 6.1; Win64; x64) AppleWebKit/537.36 (KHTML, like Gecko) Chrome/74.0.3729.169 Safari/537.36',
  'x-requested-with' => 'XMLHttpRequest',
  'origin' => 'http://192.168.1.144:3333',
  'accept' => '*/*',
  'content-length' => '53',
  'connection' => 'close',
  'host' => '192.168.1.144:3333',
)
[ info ] [ PARAM ] array (
  '/admin/Brand/add' => '',
  'image' => 'images/osc1/logo/alp.jpg',
  'name' => 'Alpine Silk',
)
[ info ] [ CACHE ] INIT File
[ info ] [ SESSION ] INIT array (
  'type' => '',
  'auto_start' => true,
)
[ info ] [ DB ] INIT mysql
[ info ] [ RUN ] osc\admin\controller\Brand->add[ D:\WWW\osc\css\oscshop2\oscshop\admin\controller\Brand.php ]
[ info ] [ LOG ] INIT File
---------------------------------------------------------------
[ 2019-05-30T18:29:12+08:00 ] 192.168.1.144 GET 192.168.1.144:3333/admin/brand/index
[运行时间：0.200526s] [吞吐率：4.99req/s] [内存消耗：2,237.83kb] [文件加载：52]
[ info ] [ LANG ] D:\WWW\osc\css\oscshop2\thinkphp\lang\zh-cn.php
[ info ] [ ROUTE ] array (
  'type' => 'module',
  'module' => 
  array (
    0 => 'admin',
    1 => 'brand',
    2 => 'index',
  ),
)
[ info ] [ HEADER ] array (
  'cookie' => 'PHPSESSID=n8q9hfc76t2q9r9d52rn8lhlc1',
  'accept-language' => 'zh-CN,zh;q=0.9',
  'accept-encoding' => 'gzip, deflate',
  'referer' => 'http://192.168.1.144:3333/admin/brand/add',
  'accept' => 'text/html,application/xhtml+xml,application/xml;q=0.9,image/webp,image/apng,*/*;q=0.8,application/signed-exchange;v=b3',
  'user-agent' => 'Mozilla/5.0 (Windows NT 6.1; Win64; x64) AppleWebKit/537.36 (KHTML, like Gecko) Chrome/74.0.3729.169 Safari/537.36',
  'upgrade-insecure-requests' => '1',
  'connection' => 'close',
  'host' => '192.168.1.144:3333',
)
[ info ] [ PARAM ] array (
  '/admin/brand/index' => '',
)
[ info ] [ CACHE ] INIT File
[ info ] [ SESSION ] INIT array (
  'type' => '',
  'auto_start' => true,
)
[ info ] [ DB ] INIT mysql
[ info ] [ RUN ] osc\admin\controller\Brand->index[ D:\WWW\osc\css\oscshop2\oscshop\admin\controller\Brand.php ]
[ info ] [ VIEW ] ./oscshop/admin\view\brand\index.html [ array (
  0 => 'admin_menu',
  1 => 'breadcrumb1',
  2 => 'breadcrumb2',
  3 => 'empty',
  4 => 'list',
) ]
[ info ] [ LOG ] INIT File
---------------------------------------------------------------
[ 2019-05-30T18:29:22+08:00 ] 192.168.1.144 GET 192.168.1.144:3333/admin/brand/add
[运行时间：0.062508s] [吞吐率：16.00req/s] [内存消耗：1,699.94kb] [文件加载：45]
[ info ] [ LANG ] D:\WWW\osc\css\oscshop2\thinkphp\lang\zh-cn.php
[ info ] [ ROUTE ] array (
  'type' => 'module',
  'module' => 
  array (
    0 => 'admin',
    1 => 'brand',
    2 => 'add',
  ),
)
[ info ] [ HEADER ] array (
  'cookie' => 'PHPSESSID=n8q9hfc76t2q9r9d52rn8lhlc1',
  'accept-language' => 'zh-CN,zh;q=0.9',
  'accept-encoding' => 'gzip, deflate',
  'referer' => 'http://192.168.1.144:3333/admin/brand/index',
  'accept' => 'text/html,application/xhtml+xml,application/xml;q=0.9,image/webp,image/apng,*/*;q=0.8,application/signed-exchange;v=b3',
  'user-agent' => 'Mozilla/5.0 (Windows NT 6.1; Win64; x64) AppleWebKit/537.36 (KHTML, like Gecko) Chrome/74.0.3729.169 Safari/537.36',
  'upgrade-insecure-requests' => '1',
  'connection' => 'close',
  'host' => '192.168.1.144:3333',
)
[ info ] [ PARAM ] array (
  '/admin/brand/add' => '',
)
[ info ] [ CACHE ] INIT File
[ info ] [ SESSION ] INIT array (
  'type' => '',
  'auto_start' => true,
)
[ info ] [ DB ] INIT mysql
[ info ] [ RUN ] osc\admin\controller\Brand->add[ D:\WWW\osc\css\oscshop2\oscshop\admin\controller\Brand.php ]
[ info ] [ VIEW ] ./oscshop/admin\view\brand\edit.html [ array (
  0 => 'admin_menu',
  1 => 'breadcrumb1',
  2 => 'breadcrumb2',
  3 => 'crumbs',
  4 => 'action',
) ]
[ info ] [ LOG ] INIT File
---------------------------------------------------------------
[ 2019-05-30T18:29:24+08:00 ] 192.168.1.144 GET 192.168.1.144:3333/admin/FileManager/index/target/input-image/thumb/thumb-image
[运行时间：0.037505s] [吞吐率：26.66req/s] [内存消耗：1,509.52kb] [文件加载：42]
[ info ] [ LANG ] D:\WWW\osc\css\oscshop2\thinkphp\lang\zh-cn.php
[ info ] [ ROUTE ] array (
  'type' => 'module',
  'module' => 
  array (
    0 => 'admin',
    1 => 'FileManager',
    2 => 'index',
  ),
)
[ info ] [ HEADER ] array (
  'cookie' => 'PHPSESSID=n8q9hfc76t2q9r9d52rn8lhlc1',
  'accept-language' => 'zh-CN,zh;q=0.9',
  'accept-encoding' => 'gzip, deflate',
  'referer' => 'http://192.168.1.144:3333/admin/brand/add',
  'user-agent' => 'Mozilla/5.0 (Windows NT 6.1; Win64; x64) AppleWebKit/537.36 (KHTML, like Gecko) Chrome/74.0.3729.169 Safari/537.36',
  'x-requested-with' => 'XMLHttpRequest',
  'accept' => 'text/html, */*; q=0.01',
  'connection' => 'close',
  'host' => '192.168.1.144:3333',
)
[ info ] [ PARAM ] array (
  '/admin/FileManager/index/target/input-image/thumb/thumb-image' => '',
  'target' => 'input-image',
  'thumb' => 'thumb-image',
)
[ info ] [ CACHE ] INIT File
[ info ] [ SESSION ] INIT array (
  'type' => '',
  'auto_start' => true,
)
[ info ] [ RUN ] osc\common\controller\ImageManager->index[ D:\WWW\osc\css\oscshop2\oscshop\common\controller\ImageManager.php ]
[ info ] [ VIEW ] ./oscshop/admin\view\file_manager\index.html [ array (
  0 => 'data',
  1 => 'heading_title',
) ]
[ info ] [ LOG ] INIT File
---------------------------------------------------------------
[ 2019-05-30T18:29:26+08:00 ] 192.168.1.144 GET 192.168.1.144:3333/admin/file_manager/index/directory/logo/target/input-image/thumb/thumb-image
[运行时间：0.030503s] [吞吐率：32.78req/s] [内存消耗：1,503.02kb] [文件加载：42]
[ info ] [ LANG ] D:\WWW\osc\css\oscshop2\thinkphp\lang\zh-cn.php
[ info ] [ ROUTE ] array (
  'type' => 'module',
  'module' => 
  array (
    0 => 'admin',
    1 => 'file_manager',
    2 => 'index',
  ),
)
[ info ] [ HEADER ] array (
  'cookie' => 'PHPSESSID=n8q9hfc76t2q9r9d52rn8lhlc1',
  'accept-language' => 'zh-CN,zh;q=0.9',
  'accept-encoding' => 'gzip, deflate',
  'referer' => 'http://192.168.1.144:3333/admin/brand/add',
  'user-agent' => 'Mozilla/5.0 (Windows NT 6.1; Win64; x64) AppleWebKit/537.36 (KHTML, like Gecko) Chrome/74.0.3729.169 Safari/537.36',
  'x-requested-with' => 'XMLHttpRequest',
  'accept' => 'text/html, */*; q=0.01',
  'connection' => 'close',
  'host' => '192.168.1.144:3333',
)
[ info ] [ PARAM ] array (
  '/admin/file_manager/index/directory/logo/target/input-image/thumb/thumb-image' => '',
  'directory' => 'logo',
  'target' => 'input-image',
  'thumb' => 'thumb-image',
)
[ info ] [ CACHE ] INIT File
[ info ] [ SESSION ] INIT array (
  'type' => '',
  'auto_start' => true,
)
[ info ] [ RUN ] osc\common\controller\ImageManager->index[ D:\WWW\osc\css\oscshop2\oscshop\common\controller\ImageManager.php ]
[ info ] [ VIEW ] ./oscshop/admin\view\file_manager\index.html [ array (
  0 => 'data',
  1 => 'heading_title',
) ]
[ info ] [ LOG ] INIT File
---------------------------------------------------------------
[ 2019-05-30T18:29:41+08:00 ] 192.168.1.144 POST 192.168.1.144:3333/admin/Brand/add
[运行时间：0.166521s] [吞吐率：6.01req/s] [内存消耗：2,101.13kb] [文件加载：49]
[ info ] [ LANG ] D:\WWW\osc\css\oscshop2\thinkphp\lang\zh-cn.php
[ info ] [ ROUTE ] array (
  'type' => 'module',
  'module' => 
  array (
    0 => 'admin',
    1 => 'Brand',
    2 => 'add',
  ),
)
[ info ] [ HEADER ] array (
  'cookie' => 'PHPSESSID=n8q9hfc76t2q9r9d52rn8lhlc1',
  'accept-language' => 'zh-CN,zh;q=0.9',
  'accept-encoding' => 'gzip, deflate',
  'referer' => 'http://192.168.1.144:3333/admin/brand/add',
  'content-type' => 'application/x-www-form-urlencoded; charset=UTF-8',
  'user-agent' => 'Mozilla/5.0 (Windows NT 6.1; Win64; x64) AppleWebKit/537.36 (KHTML, like Gecko) Chrome/74.0.3729.169 Safari/537.36',
  'x-requested-with' => 'XMLHttpRequest',
  'origin' => 'http://192.168.1.144:3333',
  'accept' => '*/*',
  'content-length' => '55',
  'connection' => 'close',
  'host' => '192.168.1.144:3333',
)
[ info ] [ PARAM ] array (
  '/admin/Brand/add' => '',
  'image' => 'images/osc1/logo/artenemis.png',
  'name' => 'Artemis',
)
[ info ] [ CACHE ] INIT File
[ info ] [ SESSION ] INIT array (
  'type' => '',
  'auto_start' => true,
)
[ info ] [ DB ] INIT mysql
[ info ] [ RUN ] osc\admin\controller\Brand->add[ D:\WWW\osc\css\oscshop2\oscshop\admin\controller\Brand.php ]
[ info ] [ LOG ] INIT File
---------------------------------------------------------------
[ 2019-05-30T18:29:46+08:00 ] 192.168.1.144 GET 192.168.1.144:3333/admin/brand/index
[运行时间：0.167522s] [吞吐率：5.97req/s] [内存消耗：2,238.42kb] [文件加载：52]
[ info ] [ LANG ] D:\WWW\osc\css\oscshop2\thinkphp\lang\zh-cn.php
[ info ] [ ROUTE ] array (
  'type' => 'module',
  'module' => 
  array (
    0 => 'admin',
    1 => 'brand',
    2 => 'index',
  ),
)
[ info ] [ HEADER ] array (
  'cookie' => 'PHPSESSID=n8q9hfc76t2q9r9d52rn8lhlc1',
  'accept-language' => 'zh-CN,zh;q=0.9',
  'accept-encoding' => 'gzip, deflate',
  'referer' => 'http://192.168.1.144:3333/admin/brand/add',
  'accept' => 'text/html,application/xhtml+xml,application/xml;q=0.9,image/webp,image/apng,*/*;q=0.8,application/signed-exchange;v=b3',
  'user-agent' => 'Mozilla/5.0 (Windows NT 6.1; Win64; x64) AppleWebKit/537.36 (KHTML, like Gecko) Chrome/74.0.3729.169 Safari/537.36',
  'upgrade-insecure-requests' => '1',
  'connection' => 'close',
  'host' => '192.168.1.144:3333',
)
[ info ] [ PARAM ] array (
  '/admin/brand/index' => '',
)
[ info ] [ CACHE ] INIT File
[ info ] [ SESSION ] INIT array (
  'type' => '',
  'auto_start' => true,
)
[ info ] [ DB ] INIT mysql
[ info ] [ RUN ] osc\admin\controller\Brand->index[ D:\WWW\osc\css\oscshop2\oscshop\admin\controller\Brand.php ]
[ info ] [ VIEW ] ./oscshop/admin\view\brand\index.html [ array (
  0 => 'admin_menu',
  1 => 'breadcrumb1',
  2 => 'breadcrumb2',
  3 => 'empty',
  4 => 'list',
) ]
[ info ] [ LOG ] INIT File
---------------------------------------------------------------
[ 2019-05-30T18:29:50+08:00 ] 192.168.1.144 GET 192.168.1.144:3333/admin/brand/add
[运行时间：0.083011s] [吞吐率：12.05req/s] [内存消耗：1,699.94kb] [文件加载：45]
[ info ] [ LANG ] D:\WWW\osc\css\oscshop2\thinkphp\lang\zh-cn.php
[ info ] [ ROUTE ] array (
  'type' => 'module',
  'module' => 
  array (
    0 => 'admin',
    1 => 'brand',
    2 => 'add',
  ),
)
[ info ] [ HEADER ] array (
  'cookie' => 'PHPSESSID=n8q9hfc76t2q9r9d52rn8lhlc1',
  'accept-language' => 'zh-CN,zh;q=0.9',
  'accept-encoding' => 'gzip, deflate',
  'referer' => 'http://192.168.1.144:3333/admin/brand/index',
  'accept' => 'text/html,application/xhtml+xml,application/xml;q=0.9,image/webp,image/apng,*/*;q=0.8,application/signed-exchange;v=b3',
  'user-agent' => 'Mozilla/5.0 (Windows NT 6.1; Win64; x64) AppleWebKit/537.36 (KHTML, like Gecko) Chrome/74.0.3729.169 Safari/537.36',
  'upgrade-insecure-requests' => '1',
  'connection' => 'close',
  'host' => '192.168.1.144:3333',
)
[ info ] [ PARAM ] array (
  '/admin/brand/add' => '',
)
[ info ] [ CACHE ] INIT File
[ info ] [ SESSION ] INIT array (
  'type' => '',
  'auto_start' => true,
)
[ info ] [ DB ] INIT mysql
[ info ] [ RUN ] osc\admin\controller\Brand->add[ D:\WWW\osc\css\oscshop2\oscshop\admin\controller\Brand.php ]
[ info ] [ VIEW ] ./oscshop/admin\view\brand\edit.html [ array (
  0 => 'admin_menu',
  1 => 'breadcrumb1',
  2 => 'breadcrumb2',
  3 => 'crumbs',
  4 => 'action',
) ]
[ info ] [ LOG ] INIT File
---------------------------------------------------------------
[ 2019-05-30T18:29:52+08:00 ] 192.168.1.144 GET 192.168.1.144:3333/admin/FileManager/index/target/input-image/thumb/thumb-image
[运行时间：0.039505s] [吞吐率：25.31req/s] [内存消耗：1,509.52kb] [文件加载：42]
[ info ] [ LANG ] D:\WWW\osc\css\oscshop2\thinkphp\lang\zh-cn.php
[ info ] [ ROUTE ] array (
  'type' => 'module',
  'module' => 
  array (
    0 => 'admin',
    1 => 'FileManager',
    2 => 'index',
  ),
)
[ info ] [ HEADER ] array (
  'cookie' => 'PHPSESSID=n8q9hfc76t2q9r9d52rn8lhlc1',
  'accept-language' => 'zh-CN,zh;q=0.9',
  'accept-encoding' => 'gzip, deflate',
  'referer' => 'http://192.168.1.144:3333/admin/brand/add',
  'user-agent' => 'Mozilla/5.0 (Windows NT 6.1; Win64; x64) AppleWebKit/537.36 (KHTML, like Gecko) Chrome/74.0.3729.169 Safari/537.36',
  'x-requested-with' => 'XMLHttpRequest',
  'accept' => 'text/html, */*; q=0.01',
  'connection' => 'close',
  'host' => '192.168.1.144:3333',
)
[ info ] [ PARAM ] array (
  '/admin/FileManager/index/target/input-image/thumb/thumb-image' => '',
  'target' => 'input-image',
  'thumb' => 'thumb-image',
)
[ info ] [ CACHE ] INIT File
[ info ] [ SESSION ] INIT array (
  'type' => '',
  'auto_start' => true,
)
[ info ] [ RUN ] osc\common\controller\ImageManager->index[ D:\WWW\osc\css\oscshop2\oscshop\common\controller\ImageManager.php ]
[ info ] [ VIEW ] ./oscshop/admin\view\file_manager\index.html [ array (
  0 => 'data',
  1 => 'heading_title',
) ]
[ info ] [ LOG ] INIT File
---------------------------------------------------------------
[ 2019-05-30T18:29:53+08:00 ] 192.168.1.144 GET 192.168.1.144:3333/admin/file_manager/index/directory/logo/target/input-image/thumb/thumb-image
[运行时间：0.039005s] [吞吐率：25.64req/s] [内存消耗：1,503.02kb] [文件加载：42]
[ info ] [ LANG ] D:\WWW\osc\css\oscshop2\thinkphp\lang\zh-cn.php
[ info ] [ ROUTE ] array (
  'type' => 'module',
  'module' => 
  array (
    0 => 'admin',
    1 => 'file_manager',
    2 => 'index',
  ),
)
[ info ] [ HEADER ] array (
  'cookie' => 'PHPSESSID=n8q9hfc76t2q9r9d52rn8lhlc1',
  'accept-language' => 'zh-CN,zh;q=0.9',
  'accept-encoding' => 'gzip, deflate',
  'referer' => 'http://192.168.1.144:3333/admin/brand/add',
  'user-agent' => 'Mozilla/5.0 (Windows NT 6.1; Win64; x64) AppleWebKit/537.36 (KHTML, like Gecko) Chrome/74.0.3729.169 Safari/537.36',
  'x-requested-with' => 'XMLHttpRequest',
  'accept' => 'text/html, */*; q=0.01',
  'connection' => 'close',
  'host' => '192.168.1.144:3333',
)
[ info ] [ PARAM ] array (
  '/admin/file_manager/index/directory/logo/target/input-image/thumb/thumb-image' => '',
  'directory' => 'logo',
  'target' => 'input-image',
  'thumb' => 'thumb-image',
)
[ info ] [ CACHE ] INIT File
[ info ] [ SESSION ] INIT array (
  'type' => '',
  'auto_start' => true,
)
[ info ] [ RUN ] osc\common\controller\ImageManager->index[ D:\WWW\osc\css\oscshop2\oscshop\common\controller\ImageManager.php ]
[ info ] [ VIEW ] ./oscshop/admin\view\file_manager\index.html [ array (
  0 => 'data',
  1 => 'heading_title',
) ]
[ info ] [ LOG ] INIT File
---------------------------------------------------------------
[ 2019-05-30T18:30:11+08:00 ] 192.168.1.144 POST 192.168.1.144:3333/admin/Brand/add
[运行时间：0.187524s] [吞吐率：5.33req/s] [内存消耗：2,101.18kb] [文件加载：49]
[ info ] [ LANG ] D:\WWW\osc\css\oscshop2\thinkphp\lang\zh-cn.php
[ info ] [ ROUTE ] array (
  'type' => 'module',
  'module' => 
  array (
    0 => 'admin',
    1 => 'Brand',
    2 => 'add',
  ),
)
[ info ] [ HEADER ] array (
  'cookie' => 'PHPSESSID=n8q9hfc76t2q9r9d52rn8lhlc1',
  'accept-language' => 'zh-CN,zh;q=0.9',
  'accept-encoding' => 'gzip, deflate',
  'referer' => 'http://192.168.1.144:3333/admin/brand/add',
  'content-type' => 'application/x-www-form-urlencoded; charset=UTF-8',
  'user-agent' => 'Mozilla/5.0 (Windows NT 6.1; Win64; x64) AppleWebKit/537.36 (KHTML, like Gecko) Chrome/74.0.3729.169 Safari/537.36',
  'x-requested-with' => 'XMLHttpRequest',
  'origin' => 'http://192.168.1.144:3333',
  'accept' => '*/*',
  'content-length' => '53',
  'connection' => 'close',
  'host' => '192.168.1.144:3333',
)
[ info ] [ PARAM ] array (
  '/admin/Brand/add' => '',
  'image' => 'images/osc1/logo/auth.jpg',
  'name' => 'Anthogenol',
)
[ info ] [ CACHE ] INIT File
[ info ] [ SESSION ] INIT array (
  'type' => '',
  'auto_start' => true,
)
[ info ] [ DB ] INIT mysql
[ info ] [ RUN ] osc\admin\controller\Brand->add[ D:\WWW\osc\css\oscshop2\oscshop\admin\controller\Brand.php ]
[ info ] [ LOG ] INIT File
