---------------------------------------------------------------
[ 2019-06-01T17:39:40+08:00 ] 127.0.0.1 GET www.osc.com/admin/brand/index?page=1
[运行时间：0.170266s] [吞吐率：5.87req/s] [内存消耗：5,020.15kb] [文件加载：52]
[ info ] [ LANG ] D:\BaiduNetdiskDownload\oscshop\oscshop2\thinkphp\lang\zh-cn.php
[ info ] [ ROUTE ] array (
  'type' => 'module',
  'module' => 
  array (
    0 => 'admin',
    1 => 'brand',
    2 => 'index',
  ),
)
[ info ] [ HEADER ] array (
  'host' => 'www.osc.com',
  'user-agent' => 'Mozilla/5.0 (Windows NT 10.0; Win64; x64; rv:67.0) Gecko/20100101 Firefox/67.0',
  'accept' => 'text/html,application/xhtml+xml,application/xml;q=0.9,*/*;q=0.8',
  'accept-language' => 'zh-CN,zh;q=0.8,zh-TW;q=0.7,zh-HK;q=0.5,en-US;q=0.3,en;q=0.2',
  'accept-encoding' => 'gzip, deflate',
  'referer' => 'http://www.osc.com/admin/brand/index?page=5',
  'connection' => 'keep-alive',
  'cookie' => 'Hm_lvt_32e3cb4cf7e5c6772c4dc1f5d496b6af=1558926031,1559040217; PHPSESSID=qt4ql9idmupp4hnjik9j3v61q0',
  'upgrade-insecure-requests' => '1',
  'cache-control' => 'max-age=0',
)
[ info ] [ PARAM ] array (
  '/admin/brand/index' => '',
  'page' => '1',
)
[ info ] [ CACHE ] INIT File
[ info ] [ SESSION ] INIT array (
  'type' => '',
  'auto_start' => true,
)
[ info ] [ DB ] INIT mysql
[ info ] [ RUN ] osc\admin\controller\Brand->index[ D:\BaiduNetdiskDownload\oscshop\oscshop2\oscshop\admin\controller\Brand.php ]
[ info ] [ VIEW ] ./oscshop/admin\view\brand\index.html [ array (
  0 => 'admin_menu',
  1 => 'breadcrumb1',
  2 => 'breadcrumb2',
  3 => 'empty',
  4 => 'list',
) ]
[ info ] [ LOG ] INIT File
---------------------------------------------------------------
[ 2019-06-01T17:39:40+08:00 ] 127.0.0.1 GET www.osc.com/
[运行时间：0.153796s] [吞吐率：6.50req/s] [内存消耗：5,089.98kb] [文件加载：51]
[ info ] [ LANG ] D:\BaiduNetdiskDownload\oscshop\oscshop2\thinkphp\lang\zh-cn.php
[ info ] [ ROUTE ] array (
  'type' => 'module',
  'module' => 
  array (
    0 => '',
    1 => NULL,
    2 => NULL,
  ),
)
[ info ] [ HEADER ] array (
  'host' => 'www.osc.com',
  'user-agent' => 'Mozilla/5.0 (Windows NT 10.0; Win64; x64; rv:67.0) Gecko/20100101 Firefox/67.0',
  'accept' => 'image/webp,*/*',
  'accept-language' => 'zh-CN,zh;q=0.8,zh-TW;q=0.7,zh-HK;q=0.5,en-US;q=0.3,en;q=0.2',
  'accept-encoding' => 'gzip, deflate',
  'referer' => 'http://www.osc.com/admin/brand/index?page=1',
  'connection' => 'keep-alive',
  'cookie' => 'Hm_lvt_32e3cb4cf7e5c6772c4dc1f5d496b6af=1558926031,1559040217; PHPSESSID=qt4ql9idmupp4hnjik9j3v61q0',
  'cache-control' => 'max-age=0',
)
[ info ] [ PARAM ] array (
)
[ info ] [ CACHE ] INIT File
[ info ] [ DB ] INIT mysql
[ info ] [ RUN ] osc\index\controller\Index->index[ D:\BaiduNetdiskDownload\oscshop\oscshop2\oscshop\index\controller\Index.php ]
[ info ] [ VIEW ] ./themes/shop/index/index\index.html [ array (
  0 => 'top_nav',
  1 => 'cartlist',
  2 => 'total_price',
  3 => 'brands',
  4 => 'empty',
  5 => 'list',
  6 => 'SEO',
) ]
[ info ] [ SESSION ] INIT array (
  'type' => '',
  'auto_start' => true,
)
[ info ] [ LOG ] INIT File
---------------------------------------------------------------
[ 2019-06-01T17:39:44+08:00 ] 127.0.0.1 GET www.osc.com/admin/brand/index?page=1
[运行时间：0.131844s] [吞吐率：7.58req/s] [内存消耗：5,020.13kb] [文件加载：52]
[ info ] [ LANG ] D:\BaiduNetdiskDownload\oscshop\oscshop2\thinkphp\lang\zh-cn.php
[ info ] [ ROUTE ] array (
  'type' => 'module',
  'module' => 
  array (
    0 => 'admin',
    1 => 'brand',
    2 => 'index',
  ),
)
[ info ] [ HEADER ] array (
  'host' => 'www.osc.com',
  'user-agent' => 'Mozilla/5.0 (Windows NT 10.0; Win64; x64; rv:67.0) Gecko/20100101 Firefox/67.0',
  'accept' => 'text/html,application/xhtml+xml,application/xml;q=0.9,*/*;q=0.8',
  'accept-language' => 'zh-CN,zh;q=0.8,zh-TW;q=0.7,zh-HK;q=0.5,en-US;q=0.3,en;q=0.2',
  'accept-encoding' => 'gzip, deflate',
  'referer' => 'http://www.osc.com/admin/brand/index?page=5',
  'connection' => 'keep-alive',
  'cookie' => 'Hm_lvt_32e3cb4cf7e5c6772c4dc1f5d496b6af=1558926031,1559040217; PHPSESSID=qt4ql9idmupp4hnjik9j3v61q0',
  'upgrade-insecure-requests' => '1',
  'cache-control' => 'max-age=0',
)
[ info ] [ PARAM ] array (
  '/admin/brand/index' => '',
  'page' => '1',
)
[ info ] [ CACHE ] INIT File
[ info ] [ SESSION ] INIT array (
  'type' => '',
  'auto_start' => true,
)
[ info ] [ DB ] INIT mysql
[ info ] [ RUN ] osc\admin\controller\Brand->index[ D:\BaiduNetdiskDownload\oscshop\oscshop2\oscshop\admin\controller\Brand.php ]
[ info ] [ VIEW ] ./oscshop/admin\view\brand\index.html [ array (
  0 => 'admin_menu',
  1 => 'breadcrumb1',
  2 => 'breadcrumb2',
  3 => 'empty',
  4 => 'list',
) ]
[ info ] [ LOG ] INIT File
---------------------------------------------------------------
[ 2019-06-01T17:39:44+08:00 ] 127.0.0.1 GET www.osc.com/
[运行时间：0.137313s] [吞吐率：7.28req/s] [内存消耗：5,089.98kb] [文件加载：51]
[ info ] [ LANG ] D:\BaiduNetdiskDownload\oscshop\oscshop2\thinkphp\lang\zh-cn.php
[ info ] [ ROUTE ] array (
  'type' => 'module',
  'module' => 
  array (
    0 => '',
    1 => NULL,
    2 => NULL,
  ),
)
[ info ] [ HEADER ] array (
  'host' => 'www.osc.com',
  'user-agent' => 'Mozilla/5.0 (Windows NT 10.0; Win64; x64; rv:67.0) Gecko/20100101 Firefox/67.0',
  'accept' => 'image/webp,*/*',
  'accept-language' => 'zh-CN,zh;q=0.8,zh-TW;q=0.7,zh-HK;q=0.5,en-US;q=0.3,en;q=0.2',
  'accept-encoding' => 'gzip, deflate',
  'referer' => 'http://www.osc.com/admin/brand/index?page=1',
  'connection' => 'keep-alive',
  'cookie' => 'Hm_lvt_32e3cb4cf7e5c6772c4dc1f5d496b6af=1558926031,1559040217; PHPSESSID=qt4ql9idmupp4hnjik9j3v61q0',
  'cache-control' => 'max-age=0',
)
[ info ] [ PARAM ] array (
)
[ info ] [ CACHE ] INIT File
[ info ] [ DB ] INIT mysql
[ info ] [ RUN ] osc\index\controller\Index->index[ D:\BaiduNetdiskDownload\oscshop\oscshop2\oscshop\index\controller\Index.php ]
[ info ] [ VIEW ] ./themes/shop/index/index\index.html [ array (
  0 => 'top_nav',
  1 => 'cartlist',
  2 => 'total_price',
  3 => 'brands',
  4 => 'empty',
  5 => 'list',
  6 => 'SEO',
) ]
[ info ] [ SESSION ] INIT array (
  'type' => '',
  'auto_start' => true,
)
[ info ] [ LOG ] INIT File
---------------------------------------------------------------
[ 2019-06-01T17:39:58+08:00 ] 127.0.0.1 GET www.osc.com/admin/brand/index?page=1
[运行时间：0.147767s] [吞吐率：6.77req/s] [内存消耗：5,020.13kb] [文件加载：52]
[ info ] [ LANG ] D:\BaiduNetdiskDownload\oscshop\oscshop2\thinkphp\lang\zh-cn.php
[ info ] [ ROUTE ] array (
  'type' => 'module',
  'module' => 
  array (
    0 => 'admin',
    1 => 'brand',
    2 => 'index',
  ),
)
[ info ] [ HEADER ] array (
  'host' => 'www.osc.com',
  'user-agent' => 'Mozilla/5.0 (Windows NT 10.0; Win64; x64; rv:67.0) Gecko/20100101 Firefox/67.0',
  'accept' => 'text/html,application/xhtml+xml,application/xml;q=0.9,*/*;q=0.8',
  'accept-language' => 'zh-CN,zh;q=0.8,zh-TW;q=0.7,zh-HK;q=0.5,en-US;q=0.3,en;q=0.2',
  'accept-encoding' => 'gzip, deflate',
  'referer' => 'http://www.osc.com/admin/brand/index?page=5',
  'connection' => 'keep-alive',
  'cookie' => 'Hm_lvt_32e3cb4cf7e5c6772c4dc1f5d496b6af=1558926031,1559040217; PHPSESSID=qt4ql9idmupp4hnjik9j3v61q0',
  'upgrade-insecure-requests' => '1',
  'cache-control' => 'max-age=0',
)
[ info ] [ PARAM ] array (
  '/admin/brand/index' => '',
  'page' => '1',
)
[ info ] [ CACHE ] INIT File
[ info ] [ SESSION ] INIT array (
  'type' => '',
  'auto_start' => true,
)
[ info ] [ DB ] INIT mysql
[ info ] [ RUN ] osc\admin\controller\Brand->index[ D:\BaiduNetdiskDownload\oscshop\oscshop2\oscshop\admin\controller\Brand.php ]
[ info ] [ VIEW ] ./oscshop/admin\view\brand\index.html [ array (
  0 => 'admin_menu',
  1 => 'breadcrumb1',
  2 => 'breadcrumb2',
  3 => 'empty',
  4 => 'list',
) ]
[ info ] [ LOG ] INIT File
---------------------------------------------------------------
[ 2019-06-01T17:39:59+08:00 ] 127.0.0.1 GET www.osc.com/
[运行时间：0.152650s] [吞吐率：6.55req/s] [内存消耗：5,089.98kb] [文件加载：51]
[ info ] [ LANG ] D:\BaiduNetdiskDownload\oscshop\oscshop2\thinkphp\lang\zh-cn.php
[ info ] [ ROUTE ] array (
  'type' => 'module',
  'module' => 
  array (
    0 => '',
    1 => NULL,
    2 => NULL,
  ),
)
[ info ] [ HEADER ] array (
  'host' => 'www.osc.com',
  'user-agent' => 'Mozilla/5.0 (Windows NT 10.0; Win64; x64; rv:67.0) Gecko/20100101 Firefox/67.0',
  'accept' => 'image/webp,*/*',
  'accept-language' => 'zh-CN,zh;q=0.8,zh-TW;q=0.7,zh-HK;q=0.5,en-US;q=0.3,en;q=0.2',
  'accept-encoding' => 'gzip, deflate',
  'referer' => 'http://www.osc.com/admin/brand/index?page=1',
  'connection' => 'keep-alive',
  'cookie' => 'Hm_lvt_32e3cb4cf7e5c6772c4dc1f5d496b6af=1558926031,1559040217; PHPSESSID=qt4ql9idmupp4hnjik9j3v61q0',
  'cache-control' => 'max-age=0',
)
[ info ] [ PARAM ] array (
)
[ info ] [ CACHE ] INIT File
[ info ] [ DB ] INIT mysql
[ info ] [ RUN ] osc\index\controller\Index->index[ D:\BaiduNetdiskDownload\oscshop\oscshop2\oscshop\index\controller\Index.php ]
[ info ] [ VIEW ] ./themes/shop/index/index\index.html [ array (
  0 => 'top_nav',
  1 => 'cartlist',
  2 => 'total_price',
  3 => 'brands',
  4 => 'empty',
  5 => 'list',
  6 => 'SEO',
) ]
[ info ] [ SESSION ] INIT array (
  'type' => '',
  'auto_start' => true,
)
[ info ] [ LOG ] INIT File
