---------------------------------------------------------------
[ 2019-06-02T02:32:04+08:00 ] 194.35.248.2 GET 114.67.89.3:80/
[运行时间：0.355703s] [吞吐率：2.81req/s] [内存消耗：3,700.59kb] [文件加载：51]
[ info ] [ LANG ] /var/www/html/css/oscshop2/thinkphp/lang/zh-cn.php
[ info ] [ ROUTE ] array (
  'type' => 'module',
  'module' => 
  array (
    0 => '',
    1 => NULL,
    2 => NULL,
  ),
)
[ info ] [ HEADER ] array (
  'host' => '114.67.89.3:80',
  'user-agent' => 'Mozilla/5.0 (Macintosh; Intel Mac OS X 10_11_6) AppleWebKit/601.7.7 (KHTML, like Gecko) Version/9.1.2 Safari/601.7.7',
  'content-length' => '0',
)
[ info ] [ PARAM ] array (
)
[ info ] [ CACHE ] INIT File
[ info ] [ DB ] INIT mysql
[ info ] [ RUN ] osc\index\controller\Index->index[ /var/www/html/css/oscshop2/oscshop/index/controller/Index.php ]
[ info ] [ VIEW ] ./themes/shop/index/index/index.html [ array (
  0 => 'top_nav',
  1 => 'cartlist',
  2 => 'total_price',
  3 => 'brands',
  4 => 'empty',
  5 => 'list',
  6 => 'SEO',
) ]
[ info ] [ SESSION ] INIT array (
  'type' => '',
  'auto_start' => true,
)
[ info ] [ LOG ] INIT File
---------------------------------------------------------------
[ 2019-06-02T05:30:54+08:00 ] 103.73.182.59 GET 114.67.89.3:80/
[运行时间：0.332888s] [吞吐率：3.00req/s] [内存消耗：3,700.59kb] [文件加载：51]
[ info ] [ LANG ] /var/www/html/css/oscshop2/thinkphp/lang/zh-cn.php
[ info ] [ ROUTE ] array (
  'type' => 'module',
  'module' => 
  array (
    0 => '',
    1 => NULL,
    2 => NULL,
  ),
)
[ info ] [ HEADER ] array (
  'host' => '114.67.89.3:80',
  'user-agent' => 'Mozilla/5.0 (Windows NT 6.1; WOW64) AppleWebKit/537.36 (KHTML, like Gecko) Chrome/52.0.2743.116 Safari/537.36',
  'content-length' => '0',
)
[ info ] [ PARAM ] array (
)
[ info ] [ CACHE ] INIT File
[ info ] [ DB ] INIT mysql
[ info ] [ RUN ] osc\index\controller\Index->index[ /var/www/html/css/oscshop2/oscshop/index/controller/Index.php ]
[ info ] [ VIEW ] ./themes/shop/index/index/index.html [ array (
  0 => 'top_nav',
  1 => 'cartlist',
  2 => 'total_price',
  3 => 'brands',
  4 => 'empty',
  5 => 'list',
  6 => 'SEO',
) ]
[ info ] [ SESSION ] INIT array (
  'type' => '',
  'auto_start' => true,
)
[ info ] [ LOG ] INIT File
---------------------------------------------------------------
[ 2019-06-02T07:57:46+08:00 ] 185.211.69.251 GET 114.67.89.3:80/
[运行时间：0.322984s] [吞吐率：3.10req/s] [内存消耗：3,700.59kb] [文件加载：51]
[ info ] [ LANG ] /var/www/html/css/oscshop2/thinkphp/lang/zh-cn.php
[ info ] [ ROUTE ] array (
  'type' => 'module',
  'module' => 
  array (
    0 => '',
    1 => NULL,
    2 => NULL,
  ),
)
[ info ] [ HEADER ] array (
  'host' => '114.67.89.3:80',
  'user-agent' => 'Mozilla/5.0 (Windows NT 10.0; WOW64) AppleWebKit/537.36 (KHTML, like Gecko) Chrome/51.0.2704.103 Safari/537.36',
  'content-length' => '0',
)
[ info ] [ PARAM ] array (
)
[ info ] [ CACHE ] INIT File
[ info ] [ DB ] INIT mysql
[ info ] [ RUN ] osc\index\controller\Index->index[ /var/www/html/css/oscshop2/oscshop/index/controller/Index.php ]
[ info ] [ VIEW ] ./themes/shop/index/index/index.html [ array (
  0 => 'top_nav',
  1 => 'cartlist',
  2 => 'total_price',
  3 => 'brands',
  4 => 'empty',
  5 => 'list',
  6 => 'SEO',
) ]
[ info ] [ SESSION ] INIT array (
  'type' => '',
  'auto_start' => true,
)
[ info ] [ LOG ] INIT File
---------------------------------------------------------------
[ 2019-06-02T08:32:05+08:00 ] 115.223.19.136 GET 114.67.89.3/phpmyadmin
[运行时间：0.012589s] [吞吐率：79.43req/s] [内存消耗：1,830.32kb] [文件加载：30]
[ info ] [ LANG ] /var/www/html/css/oscshop2/thinkphp/lang/zh-cn.php
[ info ] [ ROUTE ] array (
  'type' => 'module',
  'module' => 
  array (
    0 => 'phpmyadmin',
    1 => NULL,
    2 => NULL,
  ),
)
[ info ] [ HEADER ] array (
  'connection' => 'Keep-Alive',
  'accept' => '*/*',
  'accept-language' => 'zh-cn',
  'referer' => 'http://114.67.89.3/phpmyadmin',
  'user-agent' => 'Mozilla/4.0 (compatible; MSIE 9.0; Windows NT 6.1)',
  'host' => '114.67.89.3',
  'content-type' => 'application/x-www-form-urlencoded',
)
[ info ] [ PARAM ] array (
  '/phpmyadmin' => '',
)
[ info ] [ LOG ] INIT File
---------------------------------------------------------------
[ 2019-06-02T08:53:22+08:00 ] 138.255.14.213 GET 114.67.89.3:80/
[运行时间：0.311922s] [吞吐率：3.21req/s] [内存消耗：3,700.59kb] [文件加载：51]
[ info ] [ LANG ] /var/www/html/css/oscshop2/thinkphp/lang/zh-cn.php
[ info ] [ ROUTE ] array (
  'type' => 'module',
  'module' => 
  array (
    0 => '',
    1 => NULL,
    2 => NULL,
  ),
)
[ info ] [ HEADER ] array (
  'host' => '114.67.89.3:80',
  'user-agent' => 'Mozilla/5.0 (Windows NT 10.0; WOW64) AppleWebKit/537.36 (KHTML, like Gecko) Chrome/51.0.2704.103 Safari/537.36',
  'content-length' => '0',
)
[ info ] [ PARAM ] array (
)
[ info ] [ CACHE ] INIT File
[ info ] [ DB ] INIT mysql
[ info ] [ RUN ] osc\index\controller\Index->index[ /var/www/html/css/oscshop2/oscshop/index/controller/Index.php ]
[ info ] [ VIEW ] ./themes/shop/index/index/index.html [ array (
  0 => 'top_nav',
  1 => 'cartlist',
  2 => 'total_price',
  3 => 'brands',
  4 => 'empty',
  5 => 'list',
  6 => 'SEO',
) ]
[ info ] [ SESSION ] INIT array (
  'type' => '',
  'auto_start' => true,
)
[ info ] [ LOG ] INIT File
---------------------------------------------------------------
[ 2019-06-02T10:09:11+08:00 ] 103.91.208.98 GET 114.67.89.3/shell?%75%6E%61%6D%65%20%2D%61
[运行时间：0.012564s] [吞吐率：79.59req/s] [内存消耗：1,830.66kb] [文件加载：30]
[ info ] [ LANG ] /var/www/html/css/oscshop2/thinkphp/lang/zh-cn.php
[ info ] [ ROUTE ] array (
  'type' => 'module',
  'module' => 
  array (
    0 => 'shell',
    1 => NULL,
    2 => NULL,
  ),
)
[ info ] [ HEADER ] array (
  'connection' => 'Keep-Alive',
  'accept' => '*/*',
  'accept-language' => 'zh-cn',
  'referer' => 'http://114.67.89.3/shell?%75%6E%61%6D%65%20%2D%61',
  'user-agent' => 'Mozilla/4.0 (compatible; MSIE 9.0; Windows NT 6.1)',
  'host' => '114.67.89.3',
  'content-type' => 'application/x-www-form-urlencoded',
)
[ info ] [ PARAM ] array (
  '/shell' => '',
  'uname_-a' => '',
)
[ info ] [ LOG ] INIT File
---------------------------------------------------------------
[ 2019-06-02T10:25:03+08:00 ] 178.94.34.62 GET 114.67.89.3:80/
[运行时间：0.343927s] [吞吐率：2.91req/s] [内存消耗：3,700.36kb] [文件加载：51]
[ info ] [ LANG ] /var/www/html/css/oscshop2/thinkphp/lang/zh-cn.php
[ info ] [ ROUTE ] array (
  'type' => 'module',
  'module' => 
  array (
    0 => '',
    1 => NULL,
    2 => NULL,
  ),
)
[ info ] [ HEADER ] array (
  'host' => '114.67.89.3:80',
  'user-agent' => 'Mozilla/5.0 (Windows NT 6.1; WOW64) AppleWebKit/537.36 (KHTML, like Gecko) Chrome/51.0.2704.103 Safari/537.36',
  'content-length' => '0',
)
[ info ] [ PARAM ] array (
)
[ info ] [ CACHE ] INIT File
[ info ] [ DB ] INIT mysql
[ info ] [ RUN ] osc\index\controller\Index->index[ /var/www/html/css/oscshop2/oscshop/index/controller/Index.php ]
[ info ] [ VIEW ] ./themes/shop/index/index/index.html [ array (
  0 => 'top_nav',
  1 => 'cartlist',
  2 => 'total_price',
  3 => 'brands',
  4 => 'empty',
  5 => 'list',
  6 => 'SEO',
) ]
[ info ] [ SESSION ] INIT array (
  'type' => '',
  'auto_start' => true,
)
[ info ] [ LOG ] INIT File
---------------------------------------------------------------
[ 2019-06-02T11:02:11+08:00 ] 36.37.189.100 GET 114.67.89.3:80/
[运行时间：0.328575s] [吞吐率：3.04req/s] [内存消耗：3,700.59kb] [文件加载：51]
[ info ] [ LANG ] /var/www/html/css/oscshop2/thinkphp/lang/zh-cn.php
[ info ] [ ROUTE ] array (
  'type' => 'module',
  'module' => 
  array (
    0 => '',
    1 => NULL,
    2 => NULL,
  ),
)
[ info ] [ HEADER ] array (
  'host' => '114.67.89.3:80',
  'user-agent' => 'Mozilla/5.0 (Windows NT 6.1; WOW64) AppleWebKit/537.36 (KHTML, like Gecko) Chrome/52.0.2743.116 Safari/537.36',
  'content-length' => '0',
)
[ info ] [ PARAM ] array (
)
[ info ] [ CACHE ] INIT File
[ info ] [ DB ] INIT mysql
[ info ] [ RUN ] osc\index\controller\Index->index[ /var/www/html/css/oscshop2/oscshop/index/controller/Index.php ]
[ info ] [ VIEW ] ./themes/shop/index/index/index.html [ array (
  0 => 'top_nav',
  1 => 'cartlist',
  2 => 'total_price',
  3 => 'brands',
  4 => 'empty',
  5 => 'list',
  6 => 'SEO',
) ]
[ info ] [ SESSION ] INIT array (
  'type' => '',
  'auto_start' => true,
)
[ info ] [ LOG ] INIT File
---------------------------------------------------------------
[ 2019-06-02T11:28:13+08:00 ] 125.64.94.220 GET 114.67.89.3/
[运行时间：0.333689s] [吞吐率：3.00req/s] [内存消耗：3,699.91kb] [文件加载：51]
[ info ] [ LANG ] /var/www/html/css/oscshop2/thinkphp/lang/zh-cn.php
[ info ] [ ROUTE ] array (
  'type' => 'module',
  'module' => 
  array (
    0 => '',
    1 => NULL,
    2 => NULL,
  ),
)
[ info ] [ HEADER ] array (
  'host' => '114.67.89.3',
)
[ info ] [ PARAM ] array (
)
[ info ] [ CACHE ] INIT File
[ info ] [ DB ] INIT mysql
[ info ] [ RUN ] osc\index\controller\Index->index[ /var/www/html/css/oscshop2/oscshop/index/controller/Index.php ]
[ info ] [ VIEW ] ./themes/shop/index/index/index.html [ array (
  0 => 'top_nav',
  1 => 'cartlist',
  2 => 'total_price',
  3 => 'brands',
  4 => 'empty',
  5 => 'list',
  6 => 'SEO',
) ]
[ info ] [ SESSION ] INIT array (
  'type' => '',
  'auto_start' => true,
)
[ info ] [ LOG ] INIT File
---------------------------------------------------------------
[ 2019-06-02T17:27:38+08:00 ] 107.170.199.54 GET 114.67.89.3/
[运行时间：0.331730s] [吞吐率：3.01req/s] [内存消耗：3,700.52kb] [文件加载：51]
[ info ] [ LANG ] /var/www/html/css/oscshop2/thinkphp/lang/zh-cn.php
[ info ] [ ROUTE ] array (
  'type' => 'module',
  'module' => 
  array (
    0 => '',
    1 => NULL,
    2 => NULL,
  ),
)
[ info ] [ HEADER ] array (
  'host' => '114.67.89.3',
  'user-agent' => 'Mozilla/5.0 zgrab/0.x',
  'accept' => '*/*',
  'accept-encoding' => 'gzip',
)
[ info ] [ PARAM ] array (
)
[ info ] [ CACHE ] INIT File
[ info ] [ DB ] INIT mysql
[ info ] [ RUN ] osc\index\controller\Index->index[ /var/www/html/css/oscshop2/oscshop/index/controller/Index.php ]
[ info ] [ VIEW ] ./themes/shop/index/index/index.html [ array (
  0 => 'top_nav',
  1 => 'cartlist',
  2 => 'total_price',
  3 => 'brands',
  4 => 'empty',
  5 => 'list',
  6 => 'SEO',
) ]
[ info ] [ SESSION ] INIT array (
  'type' => '',
  'auto_start' => true,
)
[ info ] [ LOG ] INIT File
---------------------------------------------------------------
[ 2019-06-02T17:28:31+08:00 ] 183.129.160.229 GET 114.67.89.3:80/
[运行时间：0.237386s] [吞吐率：4.21req/s] [内存消耗：3,700.52kb] [文件加载：51]
[ info ] [ LANG ] /var/www/html/css/oscshop2/thinkphp/lang/zh-cn.php
[ info ] [ ROUTE ] array (
  'type' => 'module',
  'module' => 
  array (
    0 => '',
    1 => NULL,
    2 => NULL,
  ),
)
[ info ] [ HEADER ] array (
  'host' => '114.67.89.3:80',
  'user-agent' => 'Mozilla/5.0 (Macintosh; Intel Mac OS X 10.11; rv:47.0) Gecko/20100101 Firefox/47.0',
  'accept' => '*/*',
  'connection' => 'keep-alive',
)
[ info ] [ PARAM ] array (
)
[ info ] [ CACHE ] INIT File
[ info ] [ DB ] INIT mysql
[ info ] [ RUN ] osc\index\controller\Index->index[ /var/www/html/css/oscshop2/oscshop/index/controller/Index.php ]
[ info ] [ VIEW ] ./themes/shop/index/index/index.html [ array (
  0 => 'top_nav',
  1 => 'cartlist',
  2 => 'total_price',
  3 => 'brands',
  4 => 'empty',
  5 => 'list',
  6 => 'SEO',
) ]
[ info ] [ SESSION ] INIT array (
  'type' => '',
  'auto_start' => true,
)
[ info ] [ LOG ] INIT File
---------------------------------------------------------------
[ 2019-06-02T18:03:20+08:00 ] 179.111.94.174 GET 114.67.89.3:80/
[运行时间：0.323506s] [吞吐率：3.09req/s] [内存消耗：3,700.36kb] [文件加载：51]
[ info ] [ LANG ] /var/www/html/css/oscshop2/thinkphp/lang/zh-cn.php
[ info ] [ ROUTE ] array (
  'type' => 'module',
  'module' => 
  array (
    0 => '',
    1 => NULL,
    2 => NULL,
  ),
)
[ info ] [ HEADER ] array (
  'host' => '114.67.89.3:80',
  'user-agent' => 'Mozilla/5.0 (Windows NT 10.0; WOW64) AppleWebKit/537.36 (KHTML, like Gecko) Chrome/52.0.2743.116 Safari/537.36',
  'content-length' => '0',
)
[ info ] [ PARAM ] array (
)
[ info ] [ CACHE ] INIT File
[ info ] [ DB ] INIT mysql
[ info ] [ RUN ] osc\index\controller\Index->index[ /var/www/html/css/oscshop2/oscshop/index/controller/Index.php ]
[ info ] [ VIEW ] ./themes/shop/index/index/index.html [ array (
  0 => 'top_nav',
  1 => 'cartlist',
  2 => 'total_price',
  3 => 'brands',
  4 => 'empty',
  5 => 'list',
  6 => 'SEO',
) ]
[ info ] [ SESSION ] INIT array (
  'type' => '',
  'auto_start' => true,
)
[ info ] [ LOG ] INIT File
---------------------------------------------------------------
[ 2019-06-02T18:26:00+08:00 ] 196.195.113.146 GET 114.67.89.3:80/
[运行时间：0.336096s] [吞吐率：2.98req/s] [内存消耗：3,700.36kb] [文件加载：51]
[ info ] [ LANG ] /var/www/html/css/oscshop2/thinkphp/lang/zh-cn.php
[ info ] [ ROUTE ] array (
  'type' => 'module',
  'module' => 
  array (
    0 => '',
    1 => NULL,
    2 => NULL,
  ),
)
[ info ] [ HEADER ] array (
  'host' => '114.67.89.3:80',
  'user-agent' => 'Mozilla/5.0 (Windows NT 6.1; WOW64) AppleWebKit/537.36 (KHTML, like Gecko) Chrome/52.0.2743.116 Safari/537.36',
  'content-length' => '0',
)
[ info ] [ PARAM ] array (
)
[ info ] [ CACHE ] INIT File
[ info ] [ DB ] INIT mysql
[ info ] [ RUN ] osc\index\controller\Index->index[ /var/www/html/css/oscshop2/oscshop/index/controller/Index.php ]
[ info ] [ VIEW ] ./themes/shop/index/index/index.html [ array (
  0 => 'top_nav',
  1 => 'cartlist',
  2 => 'total_price',
  3 => 'brands',
  4 => 'empty',
  5 => 'list',
  6 => 'SEO',
) ]
[ info ] [ SESSION ] INIT array (
  'type' => '',
  'auto_start' => true,
)
[ info ] [ LOG ] INIT File
---------------------------------------------------------------
[ 2019-06-02T18:43:59+08:00 ] 62.28.134.245 GET 114.67.89.3:80/
[运行时间：0.324352s] [吞吐率：3.08req/s] [内存消耗：3,700.36kb] [文件加载：51]
[ info ] [ LANG ] /var/www/html/css/oscshop2/thinkphp/lang/zh-cn.php
[ info ] [ ROUTE ] array (
  'type' => 'module',
  'module' => 
  array (
    0 => '',
    1 => NULL,
    2 => NULL,
  ),
)
[ info ] [ HEADER ] array (
  'host' => '114.67.89.3:80',
  'user-agent' => 'Mozilla/5.0 (Windows NT 6.1; WOW64) AppleWebKit/537.36 (KHTML, like Gecko) Chrome/51.0.2704.103 Safari/537.36',
  'content-length' => '0',
)
[ info ] [ PARAM ] array (
)
[ info ] [ CACHE ] INIT File
[ info ] [ DB ] INIT mysql
[ info ] [ RUN ] osc\index\controller\Index->index[ /var/www/html/css/oscshop2/oscshop/index/controller/Index.php ]
[ info ] [ VIEW ] ./themes/shop/index/index/index.html [ array (
  0 => 'top_nav',
  1 => 'cartlist',
  2 => 'total_price',
  3 => 'brands',
  4 => 'empty',
  5 => 'list',
  6 => 'SEO',
) ]
[ info ] [ SESSION ] INIT array (
  'type' => '',
  'auto_start' => true,
)
[ info ] [ LOG ] INIT File
---------------------------------------------------------------
[ 2019-06-02T18:51:17+08:00 ] 114.39.109.182 GET 114.67.89.3:80/
[运行时间：0.222125s] [吞吐率：4.50req/s] [内存消耗：3,700.36kb] [文件加载：51]
[ info ] [ LANG ] /var/www/html/css/oscshop2/thinkphp/lang/zh-cn.php
[ info ] [ ROUTE ] array (
  'type' => 'module',
  'module' => 
  array (
    0 => '',
    1 => NULL,
    2 => NULL,
  ),
)
[ info ] [ HEADER ] array (
  'host' => '114.67.89.3:80',
  'user-agent' => 'Mozilla/5.0 (Windows NT 10.0; WOW64) AppleWebKit/537.36 (KHTML, like Gecko) Chrome/52.0.2743.116 Safari/537.36',
  'content-length' => '0',
)
[ info ] [ PARAM ] array (
)
[ info ] [ CACHE ] INIT File
[ info ] [ DB ] INIT mysql
[ info ] [ RUN ] osc\index\controller\Index->index[ /var/www/html/css/oscshop2/oscshop/index/controller/Index.php ]
[ info ] [ VIEW ] ./themes/shop/index/index/index.html [ array (
  0 => 'top_nav',
  1 => 'cartlist',
  2 => 'total_price',
  3 => 'brands',
  4 => 'empty',
  5 => 'list',
  6 => 'SEO',
) ]
[ info ] [ SESSION ] INIT array (
  'type' => '',
  'auto_start' => true,
)
[ info ] [ LOG ] INIT File
---------------------------------------------------------------
[ 2019-06-02T19:48:59+08:00 ] 167.250.15.7 GET 114.67.89.3:80/
[运行时间：0.320680s] [吞吐率：3.12req/s] [内存消耗：3,700.36kb] [文件加载：51]
[ info ] [ LANG ] /var/www/html/css/oscshop2/thinkphp/lang/zh-cn.php
[ info ] [ ROUTE ] array (
  'type' => 'module',
  'module' => 
  array (
    0 => '',
    1 => NULL,
    2 => NULL,
  ),
)
[ info ] [ HEADER ] array (
  'host' => '114.67.89.3:80',
  'user-agent' => 'Mozilla/5.0 (Windows NT 6.1; WOW64) AppleWebKit/537.36 (KHTML, like Gecko) Chrome/52.0.2743.116 Safari/537.36',
  'content-length' => '0',
)
[ info ] [ PARAM ] array (
)
[ info ] [ CACHE ] INIT File
[ info ] [ DB ] INIT mysql
[ info ] [ RUN ] osc\index\controller\Index->index[ /var/www/html/css/oscshop2/oscshop/index/controller/Index.php ]
[ info ] [ VIEW ] ./themes/shop/index/index/index.html [ array (
  0 => 'top_nav',
  1 => 'cartlist',
  2 => 'total_price',
  3 => 'brands',
  4 => 'empty',
  5 => 'list',
  6 => 'SEO',
) ]
[ info ] [ SESSION ] INIT array (
  'type' => '',
  'auto_start' => true,
)
[ info ] [ LOG ] INIT File
---------------------------------------------------------------
[ 2019-06-02T20:01:44+08:00 ] 203.176.123.244 GET 114.67.89.3/index.php
[运行时间：0.320020s] [吞吐率：3.12req/s] [内存消耗：3,701.34kb] [文件加载：51]
[ info ] [ LANG ] /var/www/html/css/oscshop2/thinkphp/lang/zh-cn.php
[ info ] [ ROUTE ] array (
  'type' => 'module',
  'module' => 
  array (
    0 => '',
    1 => NULL,
    2 => NULL,
  ),
)
[ info ] [ HEADER ] array (
  'client-ip' => '203.176.123.244',
  'x-forwarded-for' => '203.176.123.244',
  'accept' => 'text/html, application/xhtml+xml, */*',
  'user-agent' => 'Mozilla/5.0 (Windows NT 6.1; WOW64; rv:18.0) Gecko/20100101 Firefox/18.0',
  'host' => '114.67.89.3',
  'connection' => 'Keep-Alive',
  'content-type' => 'text/html',
)
[ info ] [ PARAM ] array (
)
[ info ] [ CACHE ] INIT File
[ info ] [ DB ] INIT mysql
[ info ] [ RUN ] osc\index\controller\Index->index[ /var/www/html/css/oscshop2/oscshop/index/controller/Index.php ]
[ info ] [ VIEW ] ./themes/shop/index/index/index.html [ array (
  0 => 'top_nav',
  1 => 'cartlist',
  2 => 'total_price',
  3 => 'brands',
  4 => 'empty',
  5 => 'list',
  6 => 'SEO',
) ]
[ info ] [ SESSION ] INIT array (
  'type' => '',
  'auto_start' => true,
)
[ info ] [ LOG ] INIT File
---------------------------------------------------------------
[ 2019-06-02T20:01:44+08:00 ] 203.176.123.244 GET 114.67.89.3/phpmyadmin/index.php
[运行时间：0.012359s] [吞吐率：80.91req/s] [内存消耗：1,830.23kb] [文件加载：30]
[ info ] [ LANG ] /var/www/html/css/oscshop2/thinkphp/lang/zh-cn.php
[ info ] [ ROUTE ] array (
  'type' => 'module',
  'module' => 
  array (
    0 => 'phpmyadmin',
    1 => 'index',
    2 => NULL,
  ),
)
[ info ] [ HEADER ] array (
  'client-ip' => '203.176.123.244',
  'x-forwarded-for' => '203.176.123.244',
  'accept' => 'text/html, application/xhtml+xml, */*',
  'user-agent' => 'Mozilla/5.0 (Windows NT 6.1; WOW64; rv:18.0) Gecko/20100101 Firefox/18.0',
  'host' => '114.67.89.3',
  'content-type' => 'text/html',
)
[ info ] [ PARAM ] array (
  '/phpmyadmin/index_php' => '',
)
[ info ] [ LOG ] INIT File
---------------------------------------------------------------
[ 2019-06-02T20:57:06+08:00 ] 187.172.186.221 GET 114.67.89.3:80/
[运行时间：0.345884s] [吞吐率：2.89req/s] [内存消耗：3,700.36kb] [文件加载：51]
[ info ] [ LANG ] /var/www/html/css/oscshop2/thinkphp/lang/zh-cn.php
[ info ] [ ROUTE ] array (
  'type' => 'module',
  'module' => 
  array (
    0 => '',
    1 => NULL,
    2 => NULL,
  ),
)
[ info ] [ HEADER ] array (
  'host' => '114.67.89.3:80',
  'user-agent' => 'Mozilla/5.0 (Windows NT 6.1; WOW64) AppleWebKit/537.36 (KHTML, like Gecko) Chrome/51.0.2704.103 Safari/537.36',
  'content-length' => '0',
)
[ info ] [ PARAM ] array (
)
[ info ] [ CACHE ] INIT File
[ info ] [ DB ] INIT mysql
[ info ] [ RUN ] osc\index\controller\Index->index[ /var/www/html/css/oscshop2/oscshop/index/controller/Index.php ]
[ info ] [ VIEW ] ./themes/shop/index/index/index.html [ array (
  0 => 'top_nav',
  1 => 'cartlist',
  2 => 'total_price',
  3 => 'brands',
  4 => 'empty',
  5 => 'list',
  6 => 'SEO',
) ]
[ info ] [ SESSION ] INIT array (
  'type' => '',
  'auto_start' => true,
)
[ info ] [ LOG ] INIT File
---------------------------------------------------------------
[ 2019-06-02T21:24:53+08:00 ] 82.209.201.182 GET 114.67.89.3:80/manager/html
[运行时间：0.011875s] [吞吐率：84.21req/s] [内存消耗：1,829.10kb] [文件加载：30]
[ info ] [ LANG ] /var/www/html/css/oscshop2/thinkphp/lang/zh-cn.php
[ info ] [ ROUTE ] array (
  'type' => 'module',
  'module' => 
  array (
    0 => 'manager',
    1 => 'html',
    2 => NULL,
  ),
)
[ info ] [ HEADER ] array (
  'accept' => 'text/html, application/xhtml+xml, */*',
  'user-agent' => 'Mozilla/5.0 (compatible; MSIE 10.0; Windows NT 6.2; WOW64; Trident/6.0)',
  'host' => '114.67.89.3:80',
)
[ info ] [ PARAM ] array (
  '/manager/html' => '',
)
[ info ] [ LOG ] INIT File
---------------------------------------------------------------
[ 2019-06-02T21:47:49+08:00 ] 172.81.254.223 HEAD 114.67.89.3:80/
[运行时间：0.339063s] [吞吐率：2.95req/s] [内存消耗：3,700.50kb] [文件加载：51]
[ info ] [ LANG ] /var/www/html/css/oscshop2/thinkphp/lang/zh-cn.php
[ info ] [ ROUTE ] array (
  'type' => 'module',
  'module' => 
  array (
    0 => '',
    1 => NULL,
    2 => NULL,
  ),
)
[ info ] [ HEADER ] array (
  'host' => '114.67.89.3:80',
  'user-agent' => 'Mozilla/5.0 (Windows NT 10.0; Win64; x64; rv:66.0) Gecko/20100101 Firefox/66.0',
  'connection' => 'close',
)
[ info ] [ PARAM ] array (
)
[ info ] [ CACHE ] INIT File
[ info ] [ DB ] INIT mysql
[ info ] [ RUN ] osc\index\controller\Index->index[ /var/www/html/css/oscshop2/oscshop/index/controller/Index.php ]
[ info ] [ VIEW ] ./themes/shop/index/index/index.html [ array (
  0 => 'top_nav',
  1 => 'cartlist',
  2 => 'total_price',
  3 => 'brands',
  4 => 'empty',
  5 => 'list',
  6 => 'SEO',
) ]
[ info ] [ SESSION ] INIT array (
  'type' => '',
  'auto_start' => true,
)
[ info ] [ LOG ] INIT File
